[ 2017-04-24T09:30:36+08:00 ] 127.0.0.1 /ThinkPHP/index.php
INFO: [ app_init ] --START--
INFO: Run Behavior\BuildLiteBehavior [ RunTime:0.000000s ]
INFO: [ app_init ] --END-- [ RunTime:0.000000s ]
INFO: [ app_begin ] --START--
INFO: Run Behavior\ReadHtmlCacheBehavior [ RunTime:0.015600s ]
INFO: [ app_begin ] --END-- [ RunTime:0.015600s ]
INFO: [ view_parse ] --START--
INFO: [ template_filter ] --START--
INFO: Run Behavior\ContentReplaceBehavior [ RunTime:0.000000s ]
INFO: [ template_filter ] --END-- [ RunTime:0.000000s ]
INFO: Run Behavior\ParseTemplateBehavior [ RunTime:0.031200s ]
INFO: [ view_parse ] --END-- [ RunTime:0.031200s ]
INFO: [ view_filter ] --START--
INFO: Run Behavior\WriteHtmlCacheBehavior [ RunTime:0.000000s ]
INFO: [ view_filter ] --END-- [ RunTime:0.000000s ]
INFO: [ app_end ] --START--
INFO: Run Behavior\ShowPageTraceBehavior [ RunTime:0.000000s ]
INFO: [ app_end ] --END-- [ RunTime:0.000000s ]

[ 2017-04-24T10:08:44+08:00 ] 127.0.0.1 /ThinkPHP/index.php
INFO: [ app_init ] --START--
INFO: Run Behavior\BuildLiteBehavior [ RunTime:0.000000s ]
INFO: [ app_init ] --END-- [ RunTime:0.000000s ]
INFO: [ app_begin ] --START--
INFO: Run Behavior\ReadHtmlCacheBehavior [ RunTime:0.000000s ]
INFO: [ app_begin ] --END-- [ RunTime:0.015600s ]
INFO: [ view_parse ] --START--
INFO: Run Behavior\ParseTemplateBehavior [ RunTime:0.000000s ]
INFO: [ view_parse ] --END-- [ RunTime:0.000000s ]
INFO: [ view_filter ] --START--
INFO: Run Behavior\WriteHtmlCacheBehavior [ RunTime:0.000000s ]
INFO: [ view_filter ] --END-- [ RunTime:0.000000s ]
INFO: [ app_end ] --START--
INFO: Run Behavior\ShowPageTraceBehavior [ RunTime:0.000000s ]
INFO: [ app_end ] --END-- [ RunTime:0.015600s ]

[ 2017-04-24T10:09:17+08:00 ] 127.0.0.1 /ThinkPHP/index.php?m=Home&c=User&a=text
INFO: [ app_init ] --START--
INFO: Run Behavior\BuildLiteBehavior [ RunTime:0.000000s ]
INFO: [ app_init ] --END-- [ RunTime:0.000000s ]
INFO: [ app_begin ] --START--
INFO: Run Behavior\ReadHtmlCacheBehavior [ RunTime:0.000000s ]
INFO: [ app_begin ] --END-- [ RunTime:0.000000s ]
INFO: [ app_end ] --START--
INFO: Run Behavior\ShowPageTraceBehavior [ RunTime:0.000000s ]
INFO: [ app_end ] --END-- [ RunTime:0.000000s ]

[ 2017-04-24T10:34:49+08:00 ] 127.0.0.1 /ThinkPHP/index.php?m=Home&c=User&a=text
INFO: [ app_init ] --START--
INFO: Run Behavior\BuildLiteBehavior [ RunTime:0.000000s ]
INFO: [ app_init ] --END-- [ RunTime:0.000000s ]
INFO: [ app_begin ] --START--
INFO: Run Behavior\ReadHtmlCacheBehavior [ RunTime:0.000000s ]
INFO: [ app_begin ] --END-- [ RunTime:0.000000s ]
INFO: [ app_end ] --START--
INFO: Run Behavior\ShowPageTraceBehavior [ RunTime:0.000000s ]
INFO: [ app_end ] --END-- [ RunTime:0.000000s ]

[ 2017-04-24T14:07:40+08:00 ] 127.0.0.1 /ThinkPHP/index.php
INFO: [ app_init ] --START--
INFO: Run Behavior\BuildLiteBehavior [ RunTime:0.000000s ]
INFO: [ app_init ] --END-- [ RunTime:0.000000s ]
INFO: [ app_begin ] --START--
INFO: Run Behavior\ReadHtmlCacheBehavior [ RunTime:0.000000s ]
INFO: [ app_begin ] --END-- [ RunTime:0.015600s ]
ERR: 非法操作:PT_login
NOTIC: [2] Cannot modify header information - headers already sent by (output started at D:\PHP-webapp\ThinkPHP\ThinkPHP\Library\Think\App.class.php:124) D:\PHP-webapp\ThinkPHP\ThinkPHP\Library\Think\Think.class.php 第 229 行.
NOTIC: [2] Cannot modify header information - headers already sent by (output started at D:\PHP-webapp\ThinkPHP\ThinkPHP\Library\Think\App.class.php:124) D:\PHP-webapp\ThinkPHP\ThinkPHP\Library\Think\Think.class.php 第 230 行.

[ 2017-04-24T14:10:34+08:00 ] 127.0.0.1 /ThinkPHP/index.php/Home/User/login
INFO: [ app_init ] --START--
INFO: Run Behavior\BuildLiteBehavior [ RunTime:0.000000s ]
INFO: [ app_init ] --END-- [ RunTime:0.004000s ]
INFO: [ app_begin ] --START--
INFO: Run Behavior\ReadHtmlCacheBehavior [ RunTime:0.002000s ]
INFO: [ app_begin ] --END-- [ RunTime:0.004000s ]

[ 2017-04-24T14:11:47+08:00 ] 127.0.0.1 /ThinkPHP/index.php/Home/User/login
INFO: [ app_init ] --START--
INFO: Run Behavior\BuildLiteBehavior [ RunTime:0.001000s ]
INFO: [ app_init ] --END-- [ RunTime:0.003000s ]
INFO: [ app_begin ] --START--
INFO: Run Behavior\ReadHtmlCacheBehavior [ RunTime:0.001000s ]
INFO: [ app_begin ] --END-- [ RunTime:0.003000s ]

[ 2017-04-24T14:12:20+08:00 ] 127.0.0.1 /ThinkPHP/index.php/Home/User/login
INFO: [ app_init ] --START--
INFO: Run Behavior\BuildLiteBehavior [ RunTime:0.000000s ]
INFO: [ app_init ] --END-- [ RunTime:0.000000s ]
INFO: [ app_begin ] --START--
INFO: Run Behavior\ReadHtmlCacheBehavior [ RunTime:0.015600s ]
INFO: [ app_begin ] --END-- [ RunTime:0.015600s ]

[ 2017-04-24T14:12:27+08:00 ] 127.0.0.1 /ThinkPHP/index.php/Home/User/login
INFO: [ app_init ] --START--
INFO: Run Behavior\BuildLiteBehavior [ RunTime:0.000000s ]
INFO: [ app_init ] --END-- [ RunTime:0.000000s ]
INFO: [ app_begin ] --START--
INFO: Run Behavior\ReadHtmlCacheBehavior [ RunTime:0.000000s ]
INFO: [ app_begin ] --END-- [ RunTime:0.000000s ]

[ 2017-04-24T14:14:19+08:00 ] 127.0.0.1 /ThinkPHP/index.php/Home/User/login
INFO: [ app_init ] --START--
INFO: Run Behavior\BuildLiteBehavior [ RunTime:0.000000s ]
INFO: [ app_init ] --END-- [ RunTime:0.000000s ]
INFO: [ app_begin ] --START--
INFO: Run Behavior\ReadHtmlCacheBehavior [ RunTime:0.000000s ]
INFO: [ app_begin ] --END-- [ RunTime:0.000000s ]

[ 2017-04-24T14:14:38+08:00 ] 127.0.0.1 /ThinkPHP/index.php/Home/User/login
INFO: [ app_init ] --START--
INFO: Run Behavior\BuildLiteBehavior [ RunTime:0.000000s ]
INFO: [ app_init ] --END-- [ RunTime:0.000000s ]
INFO: [ app_begin ] --START--
INFO: Run Behavior\ReadHtmlCacheBehavior [ RunTime:0.000000s ]
INFO: [ app_begin ] --END-- [ RunTime:0.000000s ]

[ 2017-04-24T14:22:44+08:00 ] 127.0.0.1 /ThinkPHP/index.php/Home/User/login
INFO: [ app_init ] --START--
INFO: Run Behavior\BuildLiteBehavior [ RunTime:0.000000s ]
INFO: [ app_init ] --END-- [ RunTime:0.000000s ]
INFO: [ app_begin ] --START--
INFO: Run Behavior\ReadHtmlCacheBehavior [ RunTime:0.015600s ]
INFO: [ app_begin ] --END-- [ RunTime:0.015600s ]

[ 2017-04-24T14:22:52+08:00 ] 127.0.0.1 /ThinkPHP/index.php/Home/User/login
INFO: [ app_init ] --START--
INFO: Run Behavior\BuildLiteBehavior [ RunTime:0.001000s ]
INFO: [ app_init ] --END-- [ RunTime:0.003000s ]
INFO: [ app_begin ] --START--
INFO: Run Behavior\ReadHtmlCacheBehavior [ RunTime:0.001000s ]
INFO: [ app_begin ] --END-- [ RunTime:0.003000s ]
NOTIC: [2] PDO::__construct(): MySQL server has gone away D:\PHP-webapp\ThinkPHP\ThinkPHP\Library\Think\Db\Driver.class.php 第 103 行.
NOTIC: [2] PDO::__construct(): Error while reading greeting packet. PID=6688 D:\PHP-webapp\ThinkPHP\ThinkPHP\Library\Think\Db\Driver.class.php 第 103 行.
ERR: SQLSTATE[HY000] [2006] MySQL server has gone away
NOTIC: [2] Cannot modify header information - headers already sent by (output started at D:\PHP-webapp\ThinkPHP\ThinkPHP\Library\Think\Db\Driver.class.php:103) D:\PHP-webapp\ThinkPHP\ThinkPHP\Library\Think\Think.class.php 第 229 行.
NOTIC: [2] Cannot modify header information - headers already sent by (output started at D:\PHP-webapp\ThinkPHP\ThinkPHP\Library\Think\Db\Driver.class.php:103) D:\PHP-webapp\ThinkPHP\ThinkPHP\Library\Think\Think.class.php 第 230 行.

[ 2017-04-24T14:24:40+08:00 ] 127.0.0.1 /ThinkPHP/index.php/Home/User/login
INFO: [ app_init ] --START--
INFO: Run Behavior\BuildLiteBehavior [ RunTime:0.000000s ]
INFO: [ app_init ] --END-- [ RunTime:0.000000s ]
INFO: [ app_begin ] --START--
INFO: Run Behavior\ReadHtmlCacheBehavior [ RunTime:0.000000s ]
INFO: [ app_begin ] --END-- [ RunTime:0.000000s ]

[ 2017-04-24T14:27:16+08:00 ] 127.0.0.1 /ThinkPHP/index.php/Home/User/login
INFO: [ app_init ] --START--
INFO: Run Behavior\BuildLiteBehavior [ RunTime:0.000000s ]
INFO: [ app_init ] --END-- [ RunTime:0.015600s ]
INFO: [ app_begin ] --START--
INFO: Run Behavior\ReadHtmlCacheBehavior [ RunTime:0.000000s ]
INFO: [ app_begin ] --END-- [ RunTime:0.000000s ]

[ 2017-04-24T14:28:45+08:00 ] 127.0.0.1 /ThinkPHP/index.php/Home/User/login
INFO: [ app_init ] --START--
INFO: Run Behavior\BuildLiteBehavior [ RunTime:0.000000s ]
INFO: [ app_init ] --END-- [ RunTime:0.000000s ]
INFO: [ app_begin ] --START--
INFO: Run Behavior\ReadHtmlCacheBehavior [ RunTime:0.000000s ]
INFO: [ app_begin ] --END-- [ RunTime:0.000000s ]

[ 2017-04-24T14:29:33+08:00 ] 127.0.0.1 /ThinkPHP/index.php/Home/User/login
INFO: [ app_init ] --START--
INFO: Run Behavior\BuildLiteBehavior [ RunTime:0.000000s ]
INFO: [ app_init ] --END-- [ RunTime:0.015600s ]
INFO: [ app_begin ] --START--
INFO: Run Behavior\ReadHtmlCacheBehavior [ RunTime:0.000000s ]
INFO: [ app_begin ] --END-- [ RunTime:0.000000s ]
NOTIC: [2] PDO::__construct(): MySQL server has gone away D:\PHP-webapp\ThinkPHP\ThinkPHP\Library\Think\Db\Driver.class.php 第 103 行.
NOTIC: [2] PDO::__construct(): Error while reading greeting packet. PID=7720 D:\PHP-webapp\ThinkPHP\ThinkPHP\Library\Think\Db\Driver.class.php 第 103 行.
ERR: SQLSTATE[HY000] [2006] MySQL server has gone away
NOTIC: [2] Cannot modify header information - headers already sent by (output started at D:\PHP-webapp\ThinkPHP\ThinkPHP\Library\Think\Db\Driver.class.php:103) D:\PHP-webapp\ThinkPHP\ThinkPHP\Library\Think\Think.class.php 第 229 行.
NOTIC: [2] Cannot modify header information - headers already sent by (output started at D:\PHP-webapp\ThinkPHP\ThinkPHP\Library\Think\Db\Driver.class.php:103) D:\PHP-webapp\ThinkPHP\ThinkPHP\Library\Think\Think.class.php 第 230 行.

[ 2017-04-24T14:32:48+08:00 ] 127.0.0.1 /ThinkPHP/index.php/Home/User/login
INFO: [ app_init ] --START--
INFO: Run Behavior\BuildLiteBehavior [ RunTime:0.015600s ]
INFO: [ app_init ] --END-- [ RunTime:0.015600s ]
INFO: [ app_begin ] --START--
INFO: Run Behavior\ReadHtmlCacheBehavior [ RunTime:0.000000s ]
INFO: [ app_begin ] --END-- [ RunTime:0.000000s ]

[ 2017-04-24T14:35:56+08:00 ] 127.0.0.1 /ThinkPHP/index.php/Home/User/login
INFO: [ app_init ] --START--
INFO: Run Behavior\BuildLiteBehavior [ RunTime:0.000000s ]
INFO: [ app_init ] --END-- [ RunTime:0.003000s ]
INFO: [ app_begin ] --START--
INFO: Run Behavior\ReadHtmlCacheBehavior [ RunTime:0.002000s ]
INFO: [ app_begin ] --END-- [ RunTime:0.004000s ]
SQL: SHOW COLUMNS FROM `pt_user` [ RunTime:0.0040s ]
SQL: SELECT * FROM `pt_user`  [ RunTime:0.0010s ]
INFO: [ app_end ] --START--
INFO: Run Behavior\ShowPageTraceBehavior [ RunTime:0.002000s ]
INFO: [ app_end ] --END-- [ RunTime:0.004000s ]

[ 2017-04-24T14:38:15+08:00 ] 127.0.0.1 /ThinkPHP/index.php/Home/User/login
INFO: [ app_init ] --START--
INFO: Run Behavior\BuildLiteBehavior [ RunTime:0.000000s ]
INFO: [ app_init ] --END-- [ RunTime:0.000000s ]
INFO: [ app_begin ] --START--
INFO: Run Behavior\ReadHtmlCacheBehavior [ RunTime:0.000000s ]
INFO: [ app_begin ] --END-- [ RunTime:0.000000s ]
SQL: SHOW COLUMNS FROM `pt_user` [ RunTime:0.0000s ]
SQL: SELECT * FROM `pt_user`  [ RunTime:0.0000s ]
INFO: [ app_end ] --START--
INFO: Run Behavior\ShowPageTraceBehavior [ RunTime:0.000000s ]
INFO: [ app_end ] --END-- [ RunTime:0.000000s ]

[ 2017-04-24T14:38:21+08:00 ] 127.0.0.1 /ThinkPHP/index.php/Home/User/login
INFO: [ app_init ] --START--
INFO: Run Behavior\BuildLiteBehavior [ RunTime:0.000000s ]
INFO: [ app_init ] --END-- [ RunTime:0.015600s ]
INFO: [ app_begin ] --START--
INFO: Run Behavior\ReadHtmlCacheBehavior [ RunTime:0.000000s ]
INFO: [ app_begin ] --END-- [ RunTime:0.000000s ]
SQL: SHOW COLUMNS FROM `pt_user` [ RunTime:0.0000s ]
SQL: SELECT * FROM `pt_user`  [ RunTime:0.0000s ]
INFO: [ app_end ] --START--
INFO: Run Behavior\ShowPageTraceBehavior [ RunTime:0.000000s ]
INFO: [ app_end ] --END-- [ RunTime:0.015600s ]

[ 2017-04-24T14:38:45+08:00 ] 127.0.0.1 /ThinkPHP/index.php/Home/User/login
INFO: [ app_init ] --START--
INFO: Run Behavior\BuildLiteBehavior [ RunTime:0.000000s ]
INFO: [ app_init ] --END-- [ RunTime:0.000000s ]
INFO: [ app_begin ] --START--
INFO: Run Behavior\ReadHtmlCacheBehavior [ RunTime:0.000000s ]
INFO: [ app_begin ] --END-- [ RunTime:0.000000s ]
SQL: SHOW COLUMNS FROM `pt_user` [ RunTime:0.0000s ]
SQL: SELECT * FROM `pt_user`  [ RunTime:0.0000s ]
INFO: [ app_end ] --START--
INFO: Run Behavior\ShowPageTraceBehavior [ RunTime:0.000000s ]
INFO: [ app_end ] --END-- [ RunTime:0.015600s ]

[ 2017-04-24T14:39:17+08:00 ] 127.0.0.1 /ThinkPHP/index.php/Home/User/login
INFO: [ app_init ] --START--
INFO: Run Behavior\BuildLiteBehavior [ RunTime:0.000000s ]
INFO: [ app_init ] --END-- [ RunTime:0.000000s ]
INFO: [ app_begin ] --START--
INFO: Run Behavior\ReadHtmlCacheBehavior [ RunTime:0.015600s ]
INFO: [ app_begin ] --END-- [ RunTime:0.015600s ]
SQL: SHOW COLUMNS FROM `pt_user` [ RunTime:0.0000s ]
SQL: SELECT * FROM `pt_user`  [ RunTime:0.0000s ]
INFO: [ app_end ] --START--
INFO: Run Behavior\ShowPageTraceBehavior [ RunTime:0.000000s ]
INFO: [ app_end ] --END-- [ RunTime:0.000000s ]

[ 2017-04-24T14:40:08+08:00 ] 127.0.0.1 /ThinkPHP/index.php/Home/User/login
INFO: [ app_init ] --START--
INFO: Run Behavior\BuildLiteBehavior [ RunTime:0.000000s ]
INFO: [ app_init ] --END-- [ RunTime:0.000000s ]
INFO: [ app_begin ] --START--
INFO: Run Behavior\ReadHtmlCacheBehavior [ RunTime:0.000000s ]
INFO: [ app_begin ] --END-- [ RunTime:0.000000s ]
SQL: SHOW COLUMNS FROM `pt_user` [ RunTime:0.0000s ]
SQL: SELECT * FROM `pt_user` WHERE ( username='18580184893' )  [ RunTime:0.0000s ]
INFO: [ app_end ] --START--
INFO: Run Behavior\ShowPageTraceBehavior [ RunTime:0.015600s ]
INFO: [ app_end ] --END-- [ RunTime:0.015600s ]

[ 2017-04-24T17:08:26+08:00 ] 127.0.0.1 /ThinkPHP/index.php/Home/User/login
INFO: [ app_init ] --START--
INFO: Run Behavior\BuildLiteBehavior [ RunTime:0.001000s ]
INFO: [ app_init ] --END-- [ RunTime:0.004000s ]
INFO: [ app_begin ] --START--
INFO: Run Behavior\ReadHtmlCacheBehavior [ RunTime:0.002000s ]
INFO: [ app_begin ] --END-- [ RunTime:0.004000s ]
SQL: SHOW COLUMNS FROM `pt_user` [ RunTime:0.0030s ]
SQL: SELECT * FROM `pt_user` WHERE ( username='18580184893' )  [ RunTime:0.0010s ]
SQL: SHOW COLUMNS FROM `pt_userjob` [ RunTime:0.0040s ]
SQL: SELECT m.* FROM pt_userjob uj,pt_jobmenu jm,pt_menu m WHERE ( uj.jid=jm.jid and jm.mid=m.mid and uj.uid= 5 and m.showid=1 )  [ RunTime:0.0030s ]
INFO: [ app_end ] --START--
INFO: Run Behavior\ShowPageTraceBehavior [ RunTime:0.002001s ]
INFO: [ app_end ] --END-- [ RunTime:0.004001s ]

[ 2017-04-24T17:15:26+08:00 ] 127.0.0.1 /ThinkPHP/index.php/Home/User/login
INFO: [ app_init ] --START--
INFO: Run Behavior\BuildLiteBehavior [ RunTime:0.001000s ]
INFO: [ app_init ] --END-- [ RunTime:0.003000s ]
INFO: [ app_begin ] --START--
INFO: Run Behavior\ReadHtmlCacheBehavior [ RunTime:0.001000s ]
INFO: [ app_begin ] --END-- [ RunTime:0.003000s ]
SQL: SHOW COLUMNS FROM `pt_user` [ RunTime:0.0030s ]
SQL: SELECT * FROM `pt_user` WHERE ( username='18580184893' )  [ RunTime:0.0000s ]
NOTIC: [8] Undefined index: HTTP_HOST D:\PHP-webapp\ThinkPHP\Application\Home\Controller\UserController.class.php 第 27 行.
SQL: SHOW COLUMNS FROM `pt_userjob` [ RunTime:0.0030s ]
SQL: SELECT m.* FROM pt_userjob uj,pt_jobmenu jm,pt_menu m WHERE ( uj.jid=jm.jid and jm.mid=m.mid and uj.uid= 5 and m.showid=1 )  [ RunTime:0.0000s ]
INFO: [ app_end ] --START--
INFO: Run Behavior\ShowPageTraceBehavior [ RunTime:0.002000s ]
INFO: [ app_end ] --END-- [ RunTime:0.004000s ]

[ 2017-04-24T17:15:31+08:00 ] 127.0.0.1 /ThinkPHP/index.php/Home/User/login
INFO: [ app_init ] --START--
INFO: Run Behavior\BuildLiteBehavior [ RunTime:0.000000s ]
INFO: [ app_init ] --END-- [ RunTime:0.003000s ]
INFO: [ app_begin ] --START--
INFO: Run Behavior\ReadHtmlCacheBehavior [ RunTime:0.002000s ]
INFO: [ app_begin ] --END-- [ RunTime:0.004000s ]
SQL: SHOW COLUMNS FROM `pt_user` [ RunTime:0.0040s ]
SQL: SELECT * FROM `pt_user` WHERE ( username='18580184893' )  [ RunTime:0.0010s ]
NOTIC: [8] Undefined index: HTTP_HOST D:\PHP-webapp\ThinkPHP\Application\Home\Controller\UserController.class.php 第 27 行.
SQL: SHOW COLUMNS FROM `pt_userjob` [ RunTime:0.0040s ]
SQL: SELECT m.* FROM pt_userjob uj,pt_jobmenu jm,pt_menu m WHERE ( uj.jid=jm.jid and jm.mid=m.mid and uj.uid= 5 and m.showid=1 )  [ RunTime:0.0010s ]
INFO: [ app_end ] --START--
INFO: Run Behavior\ShowPageTraceBehavior [ RunTime:0.003000s ]
INFO: [ app_end ] --END-- [ RunTime:0.005000s ]

[ 2017-04-24T17:16:31+08:00 ] 127.0.0.1 /ThinkPHP/index.php/Home/User/login
INFO: [ app_init ] --START--
INFO: Run Behavior\BuildLiteBehavior [ RunTime:0.000000s ]
INFO: [ app_init ] --END-- [ RunTime:0.003000s ]
INFO: [ app_begin ] --START--
INFO: Run Behavior\ReadHtmlCacheBehavior [ RunTime:0.001000s ]
INFO: [ app_begin ] --END-- [ RunTime:0.003000s ]
SQL: SHOW COLUMNS FROM `pt_user` [ RunTime:0.0030s ]
SQL: SELECT * FROM `pt_user` WHERE ( username='18580184893' )  [ RunTime:0.0010s ]
NOTIC: [8] Undefined index: HTTP_HOST D:\PHP-webapp\ThinkPHP\Application\Home\Controller\UserController.class.php 第 27 行.
SQL: SHOW COLUMNS FROM `pt_userjob` [ RunTime:0.0030s ]
SQL: SELECT m.* FROM pt_userjob uj,pt_jobmenu jm,pt_menu m WHERE ( uj.jid=jm.jid and jm.mid=m.mid and uj.uid= 5 and m.showid=1 )  [ RunTime:0.0000s ]
INFO: [ app_end ] --START--
INFO: Run Behavior\ShowPageTraceBehavior [ RunTime:0.002000s ]
INFO: [ app_end ] --END-- [ RunTime:0.004000s ]

[ 2017-04-24T17:40:29+08:00 ] 127.0.0.1 /ThinkPHP/index.php/Home/User/login
INFO: [ app_init ] --START--
INFO: Run Behavior\BuildLiteBehavior [ RunTime:0.000000s ]
INFO: [ app_init ] --END-- [ RunTime:0.003000s ]
INFO: [ app_begin ] --START--
INFO: Run Behavior\ReadHtmlCacheBehavior [ RunTime:0.002000s ]
INFO: [ app_begin ] --END-- [ RunTime:0.004000s ]
SQL: SHOW COLUMNS FROM `pt_user` [ RunTime:0.0040s ]
SQL: SELECT * FROM `pt_user` WHERE ( username='18580184893' )  [ RunTime:0.0010s ]
NOTIC: [8] Undefined index: HTTP_HOST D:\PHP-webapp\ThinkPHP\Application\Home\Controller\UserController.class.php 第 27 行.
SQL: SHOW COLUMNS FROM `pt_userjob` [ RunTime:0.0030s ]
SQL: SELECT m.* FROM pt_userjob uj,pt_jobmenu jm,pt_menu m WHERE ( uj.jid=jm.jid and jm.mid=m.mid and uj.uid= 5 and m.showid=1 )  [ RunTime:0.0010s ]
INFO: [ app_end ] --START--
INFO: Run Behavior\ShowPageTraceBehavior [ RunTime:0.003000s ]
INFO: [ app_end ] --END-- [ RunTime:0.005000s ]

[ 2017-04-24T18:34:53+08:00 ] 127.0.0.1 /ThinkPHP/index.php?m=Home&c=User&a=regajax
INFO: [ app_init ] --START--
INFO: Run Behavior\BuildLiteBehavior [ RunTime:0.001000s ]
INFO: [ app_init ] --END-- [ RunTime:0.005000s ]
INFO: [ app_begin ] --START--
INFO: Run Behavior\ReadHtmlCacheBehavior [ RunTime:0.001000s ]
INFO: [ app_begin ] --END-- [ RunTime:0.007000s ]
SQL: SHOW COLUMNS FROM `pt_user` [ RunTime:0.0050s ]
SQL: SELECT * FROM `pt_user` WHERE ( userName = '18580184893' )  [ RunTime:0.0010s ]
INFO: [ app_end ] --START--
INFO: Run Behavior\ShowPageTraceBehavior [ RunTime:0.003000s ]
INFO: [ app_end ] --END-- [ RunTime:0.004000s ]

[ 2017-04-24T18:34:59+08:00 ] 127.0.0.1 /ThinkPHP/index.php?m=Home&c=User&a=regajax
INFO: [ app_init ] --START--
INFO: Run Behavior\BuildLiteBehavior [ RunTime:0.000000s ]
INFO: [ app_init ] --END-- [ RunTime:0.003000s ]
INFO: [ app_begin ] --START--
INFO: Run Behavior\ReadHtmlCacheBehavior [ RunTime:0.001000s ]
INFO: [ app_begin ] --END-- [ RunTime:0.003000s ]
SQL: SHOW COLUMNS FROM `pt_user` [ RunTime:0.0030s ]
SQL: SELECT * FROM `pt_user` WHERE ( userName = '18580184893' )  [ RunTime:0.0030s ]
INFO: [ app_end ] --START--
INFO: Run Behavior\ShowPageTraceBehavior [ RunTime:0.002001s ]
INFO: [ app_end ] --END-- [ RunTime:0.003001s ]

[ 2017-04-24T18:52:27+08:00 ] 127.0.0.1 /ThinkPHP/index.php?m=Home&c=User&a=regajax
INFO: [ app_init ] --START--
INFO: Run Behavior\BuildLiteBehavior [ RunTime:0.000000s ]
INFO: [ app_init ] --END-- [ RunTime:0.003000s ]
INFO: [ app_begin ] --START--
INFO: Run Behavior\ReadHtmlCacheBehavior [ RunTime:0.002000s ]
INFO: [ app_begin ] --END-- [ RunTime:0.004000s ]
SQL: SHOW COLUMNS FROM `pt_user` [ RunTime:0.0030s ]
SQL: SELECT * FROM `pt_user` WHERE ( userName = '18580187891' )  [ RunTime:0.0010s ]
INFO: [ app_end ] --START--
INFO: Run Behavior\ShowPageTraceBehavior [ RunTime:0.002000s ]
INFO: [ app_end ] --END-- [ RunTime:0.003000s ]

[ 2017-04-24T18:52:40+08:00 ] 127.0.0.1 /ThinkPHP/index.php?m=Home&c=User&a=regajax
INFO: [ app_init ] --START--
INFO: Run Behavior\BuildLiteBehavior [ RunTime:0.000000s ]
INFO: [ app_init ] --END-- [ RunTime:0.003000s ]
INFO: [ app_begin ] --START--
INFO: Run Behavior\ReadHtmlCacheBehavior [ RunTime:0.002000s ]
INFO: [ app_begin ] --END-- [ RunTime:0.003000s ]
SQL: SHOW COLUMNS FROM `pt_user` [ RunTime:0.0030s ]
SQL: SELECT * FROM `pt_user` WHERE ( userName = '18580187891' )  [ RunTime:0.0020s ]
INFO: [ app_end ] --START--
INFO: Run Behavior\ShowPageTraceBehavior [ RunTime:0.002000s ]
INFO: [ app_end ] --END-- [ RunTime:0.004000s ]

[ 2017-04-24T18:52:47+08:00 ] 127.0.0.1 /ThinkPHP/index.php?m=Home&c=User&a=regajax
INFO: [ app_init ] --START--
INFO: Run Behavior\BuildLiteBehavior [ RunTime:0.000000s ]
INFO: [ app_init ] --END-- [ RunTime:0.003001s ]
INFO: [ app_begin ] --START--
INFO: Run Behavior\ReadHtmlCacheBehavior [ RunTime:0.002000s ]
INFO: [ app_begin ] --END-- [ RunTime:0.003000s ]
SQL: SHOW COLUMNS FROM `pt_user` [ RunTime:0.0050s ]
SQL: SELECT * FROM `pt_user` WHERE ( userName = '18580187891' )  [ RunTime:0.0030s ]
INFO: [ app_end ] --START--
INFO: Run Behavior\ShowPageTraceBehavior [ RunTime:0.002000s ]
INFO: [ app_end ] --END-- [ RunTime:0.005000s ]

[ 2017-04-24T18:52:54+08:00 ] 127.0.0.1 /ThinkPHP/index.php?m=Home&c=User&a=regajax
INFO: [ app_init ] --START--
INFO: Run Behavior\BuildLiteBehavior [ RunTime:0.001000s ]
INFO: [ app_init ] --END-- [ RunTime:0.003000s ]
INFO: [ app_begin ] --START--
INFO: Run Behavior\ReadHtmlCacheBehavior [ RunTime:0.002000s ]
INFO: [ app_begin ] --END-- [ RunTime:0.003000s ]
SQL: SHOW COLUMNS FROM `pt_user` [ RunTime:0.0040s ]
SQL: SELECT * FROM `pt_user` WHERE ( userName = '18580187891' )  [ RunTime:0.0010s ]
INFO: [ app_end ] --START--
INFO: Run Behavior\ShowPageTraceBehavior [ RunTime:0.001000s ]
INFO: [ app_end ] --END-- [ RunTime:0.003000s ]

[ 2017-04-24T18:53:03+08:00 ] 127.0.0.1 /ThinkPHP/index.php/Home/User/PT_reg
INFO: [ app_init ] --START--
INFO: Run Behavior\BuildLiteBehavior [ RunTime:0.000000s ]
INFO: [ app_init ] --END-- [ RunTime:0.004000s ]
INFO: [ app_begin ] --START--
INFO: Run Behavior\ReadHtmlCacheBehavior [ RunTime:0.001000s ]
INFO: [ app_begin ] --END-- [ RunTime:0.004000s ]
SQL: SHOW COLUMNS FROM `pt_user` [ RunTime:0.0030s ]
SQL: SELECT * FROM `pt_user` WHERE ( userName = '18580187891' )  [ RunTime:0.0000s ]
SQL: SHOW COLUMNS FROM `pt_user` [ RunTime:0.0030s ]

[ 2017-04-24T18:56:19+08:00 ] 127.0.0.1 /ThinkPHP/index.php/Home/User/PT_reg
INFO: [ app_init ] --START--
INFO: Run Behavior\BuildLiteBehavior [ RunTime:0.000000s ]
INFO: [ app_init ] --END-- [ RunTime:0.002000s ]
INFO: [ app_begin ] --START--
INFO: Run Behavior\ReadHtmlCacheBehavior [ RunTime:0.002000s ]
INFO: [ app_begin ] --END-- [ RunTime:0.004000s ]
SQL: SHOW COLUMNS FROM `pt_user` [ RunTime:0.0030s ]
SQL: SELECT * FROM `pt_user` WHERE ( userName = '18580187891' )  [ RunTime:0.0010s ]
SQL: SHOW COLUMNS FROM `pt_user` [ RunTime:0.0040s ]
INFO: [ app_end ] --START--
INFO: Run Behavior\ShowPageTraceBehavior [ RunTime:0.002001s ]
INFO: [ app_end ] --END-- [ RunTime:0.003001s ]

[ 2017-04-24T18:56:26+08:00 ] 127.0.0.1 /ThinkPHP/index.php?m=Home&c=User&a=regajax
INFO: [ app_init ] --START--
INFO: Run Behavior\BuildLiteBehavior [ RunTime:0.000000s ]
INFO: [ app_init ] --END-- [ RunTime:0.002001s ]
INFO: [ app_begin ] --START--
INFO: Run Behavior\ReadHtmlCacheBehavior [ RunTime:0.001000s ]
INFO: [ app_begin ] --END-- [ RunTime:0.003000s ]
SQL: SHOW COLUMNS FROM `pt_user` [ RunTime:0.0030s ]
SQL: SELECT * FROM `pt_user` WHERE ( userName = '' )  [ RunTime:0.0010s ]
INFO: [ app_end ] --START--
INFO: Run Behavior\ShowPageTraceBehavior [ RunTime:0.001001s ]
INFO: [ app_end ] --END-- [ RunTime:0.003001s ]

[ 2017-04-24T18:56:35+08:00 ] 127.0.0.1 /ThinkPHP/index.php?m=Home&c=User&a=regajax
INFO: [ app_init ] --START--
INFO: Run Behavior\BuildLiteBehavior [ RunTime:0.001000s ]
INFO: [ app_init ] --END-- [ RunTime:0.005000s ]
INFO: [ app_begin ] --START--
INFO: Run Behavior\ReadHtmlCacheBehavior [ RunTime:0.002000s ]
INFO: [ app_begin ] --END-- [ RunTime:0.004000s ]
SQL: SHOW COLUMNS FROM `pt_user` [ RunTime:0.0050s ]
SQL: SELECT * FROM `pt_user` WHERE ( userName = '' )  [ RunTime:0.0010s ]
INFO: [ app_end ] --START--
INFO: Run Behavior\ShowPageTraceBehavior [ RunTime:0.001000s ]
INFO: [ app_end ] --END-- [ RunTime:0.003000s ]

[ 2017-04-24T18:57:03+08:00 ] 127.0.0.1 /ThinkPHP/index.php?m=Home&c=User&a=regajax
INFO: [ app_init ] --START--
INFO: Run Behavior\BuildLiteBehavior [ RunTime:0.000000s ]
INFO: [ app_init ] --END-- [ RunTime:0.003001s ]
INFO: [ app_begin ] --START--
INFO: Run Behavior\ReadHtmlCacheBehavior [ RunTime:0.001001s ]
INFO: [ app_begin ] --END-- [ RunTime:0.003001s ]
SQL: SHOW COLUMNS FROM `pt_user` [ RunTime:0.0040s ]
SQL: SELECT * FROM `pt_user` WHERE ( userName = '' )  [ RunTime:0.0010s ]
INFO: [ app_end ] --START--
INFO: Run Behavior\ShowPageTraceBehavior [ RunTime:0.002000s ]
INFO: [ app_end ] --END-- [ RunTime:0.004000s ]

[ 2017-04-24T18:58:26+08:00 ] 127.0.0.1 /ThinkPHP/index.php?m=Home&c=User&a=regajax
INFO: [ app_init ] --START--
INFO: Run Behavior\BuildLiteBehavior [ RunTime:0.001000s ]
INFO: [ app_init ] --END-- [ RunTime:0.005000s ]
INFO: [ app_begin ] --START--
INFO: Run Behavior\ReadHtmlCacheBehavior [ RunTime:0.003000s ]
INFO: [ app_begin ] --END-- [ RunTime:0.005001s ]
SQL: SHOW COLUMNS FROM `pt_user` [ RunTime:0.0030s ]
SQL: SELECT * FROM `pt_user` WHERE ( userName = '' )  [ RunTime:0.0010s ]
INFO: [ app_end ] --START--
INFO: Run Behavior\ShowPageTraceBehavior [ RunTime:0.002000s ]
INFO: [ app_end ] --END-- [ RunTime:0.004001s ]

[ 2017-04-24T18:58:29+08:00 ] 127.0.0.1 /ThinkPHP/index.php?m=Home&c=User&a=regajax
INFO: [ app_init ] --START--
INFO: Run Behavior\BuildLiteBehavior [ RunTime:0.001000s ]
INFO: [ app_init ] --END-- [ RunTime:0.003000s ]
INFO: [ app_begin ] --START--
INFO: Run Behavior\ReadHtmlCacheBehavior [ RunTime:0.002000s ]
INFO: [ app_begin ] --END-- [ RunTime:0.005000s ]
SQL: SHOW COLUMNS FROM `pt_user` [ RunTime:0.0030s ]
SQL: SELECT * FROM `pt_user` WHERE ( userName = '' )  [ RunTime:0.0010s ]
INFO: [ app_end ] --START--
INFO: Run Behavior\ShowPageTraceBehavior [ RunTime:0.001000s ]
INFO: [ app_end ] --END-- [ RunTime:0.003000s ]

[ 2017-04-24T19:08:35+08:00 ] 127.0.0.1 /ThinkPHP/index.php?m=Home&c=User&a=regajax
INFO: [ app_init ] --START--
INFO: Run Behavior\BuildLiteBehavior [ RunTime:0.000000s ]
INFO: [ app_init ] --END-- [ RunTime:0.006000s ]
INFO: [ app_begin ] --START--
INFO: Run Behavior\ReadHtmlCacheBehavior [ RunTime:0.002000s ]
INFO: [ app_begin ] --END-- [ RunTime:0.004000s ]
SQL: SHOW COLUMNS FROM `pt_user` [ RunTime:0.0040s ]
SQL: SELECT * FROM `pt_user` WHERE ( userName = '18580187897' )  [ RunTime:0.0010s ]
INFO: [ app_end ] --START--
INFO: Run Behavior\ShowPageTraceBehavior [ RunTime:0.001000s ]
INFO: [ app_end ] --END-- [ RunTime:0.003000s ]

[ 2017-04-24T19:08:50+08:00 ] 127.0.0.1 /ThinkPHP/index.php?m=Home&c=User&a=regajax
INFO: [ app_init ] --START--
INFO: Run Behavior\BuildLiteBehavior [ RunTime:0.000000s ]
INFO: [ app_init ] --END-- [ RunTime:0.005000s ]
INFO: [ app_begin ] --START--
INFO: Run Behavior\ReadHtmlCacheBehavior [ RunTime:0.002000s ]
INFO: [ app_begin ] --END-- [ RunTime:0.004001s ]
SQL: SHOW COLUMNS FROM `pt_user` [ RunTime:0.0030s ]
SQL: SELECT * FROM `pt_user` WHERE ( userName = '18580187897' )  [ RunTime:0.0000s ]
INFO: [ app_end ] --START--
INFO: Run Behavior\ShowPageTraceBehavior [ RunTime:0.001000s ]
INFO: [ app_end ] --END-- [ RunTime:0.003000s ]

[ 2017-04-24T19:08:59+08:00 ] 127.0.0.1 /ThinkPHP/index.php/Home/User/PT_reg
INFO: [ app_init ] --START--
INFO: Run Behavior\BuildLiteBehavior [ RunTime:0.001000s ]
INFO: [ app_init ] --END-- [ RunTime:0.003000s ]
INFO: [ app_begin ] --START--
INFO: Run Behavior\ReadHtmlCacheBehavior [ RunTime:0.002000s ]
INFO: [ app_begin ] --END-- [ RunTime:0.004000s ]
SQL: SHOW COLUMNS FROM `pt_user` [ RunTime:0.0030s ]
SQL: SELECT * FROM `pt_user` WHERE ( userName = '18580187897' )  [ RunTime:0.0010s ]
SQL: SHOW COLUMNS FROM `pt_user` [ RunTime:0.0030s ]
ERR: 1364:Field 'username' doesn't have a default value
 [ SQL语句 ] : INSERT INTO `pt_user` (`picture`) VALUES ('8491493032139.jpg')
ERR: 1364:Field 'username' doesn't have a default value
 [ SQL语句 ] : INSERT INTO `pt_user` (`picture`) VALUES ('8491493032139.jpg')
NOTIC: [2] Cannot modify header information - headers already sent by (output started at D:\PHP-webapp\ThinkPHP\ThinkPHP\Library\Think\Db\Driver.class.php:223) D:\PHP-webapp\ThinkPHP\ThinkPHP\Library\Think\Think.class.php 第 229 行.
NOTIC: [2] Cannot modify header information - headers already sent by (output started at D:\PHP-webapp\ThinkPHP\ThinkPHP\Library\Think\Db\Driver.class.php:223) D:\PHP-webapp\ThinkPHP\ThinkPHP\Library\Think\Think.class.php 第 230 行.

[ 2017-04-24T19:10:16+08:00 ] 127.0.0.1 /ThinkPHP/index.php?m=Home&c=User&a=regajax
INFO: [ app_init ] --START--
INFO: Run Behavior\BuildLiteBehavior [ RunTime:0.000000s ]
INFO: [ app_init ] --END-- [ RunTime:0.002000s ]
INFO: [ app_begin ] --START--
INFO: Run Behavior\ReadHtmlCacheBehavior [ RunTime:0.002000s ]
INFO: [ app_begin ] --END-- [ RunTime:0.003000s ]
SQL: SHOW COLUMNS FROM `pt_user` [ RunTime:0.0030s ]
SQL: SELECT * FROM `pt_user` WHERE ( userName = '18580187897' )  [ RunTime:0.0000s ]
INFO: [ app_end ] --START--
INFO: Run Behavior\ShowPageTraceBehavior [ RunTime:0.003000s ]
INFO: [ app_end ] --END-- [ RunTime:0.006000s ]

[ 2017-04-24T19:10:22+08:00 ] 127.0.0.1 /ThinkPHP/index.php?m=Home&c=User&a=regajax
INFO: [ app_init ] --START--
INFO: Run Behavior\BuildLiteBehavior [ RunTime:0.000000s ]
INFO: [ app_init ] --END-- [ RunTime:0.003000s ]
INFO: [ app_begin ] --START--
INFO: Run Behavior\ReadHtmlCacheBehavior [ RunTime:0.001000s ]
INFO: [ app_begin ] --END-- [ RunTime:0.003000s ]
SQL: SHOW COLUMNS FROM `pt_user` [ RunTime:0.0080s ]
SQL: SELECT * FROM `pt_user` WHERE ( userName = '18580187897' )  [ RunTime:0.0010s ]
INFO: [ app_end ] --START--
INFO: Run Behavior\ShowPageTraceBehavior [ RunTime:0.002000s ]
INFO: [ app_end ] --END-- [ RunTime:0.004000s ]

[ 2017-04-24T19:10:22+08:00 ] 127.0.0.1 /ThinkPHP/index.php/Home/User/PT_reg
INFO: [ app_init ] --START--
INFO: Run Behavior\BuildLiteBehavior [ RunTime:0.000000s ]
INFO: [ app_init ] --END-- [ RunTime:0.003000s ]
INFO: [ app_begin ] --START--
INFO: Run Behavior\ReadHtmlCacheBehavior [ RunTime:0.002000s ]
INFO: [ app_begin ] --END-- [ RunTime:0.003000s ]
SQL: SHOW COLUMNS FROM `pt_user` [ RunTime:0.0040s ]
SQL: SELECT * FROM `pt_user` WHERE ( userName = '18580187897' )  [ RunTime:0.0010s ]
SQL: SHOW COLUMNS FROM `pt_user` [ RunTime:0.0040s ]
SQL: INSERT INTO `pt_user` (`username`,`pass`,`truename`,`picture`) VALUES ('18580187897','1233456','123','881493032222.jpg') [ RunTime:0.0100s ]
INFO: [ app_end ] --START--
INFO: Run Behavior\ShowPageTraceBehavior [ RunTime:0.002000s ]
INFO: [ app_end ] --END-- [ RunTime:0.005001s ]

