[ 2017-04-26T09:50:06+08:00 ] 127.0.0.1 /ThinkPHP/index.php/Home/User/User/login
INFO: [ app_init ] --START--
INFO: Run Behavior\BuildLiteBehavior [ RunTime:0.001000s ]
INFO: [ app_init ] --END-- [ RunTime:0.004000s ]
INFO: [ app_begin ] --START--
INFO: Run Behavior\ReadHtmlCacheBehavior [ RunTime:0.001000s ]
INFO: [ app_begin ] --END-- [ RunTime:0.003000s ]
ERR: 1146:Table 'u32mvc.p_tuser' doesn't exist
 [ SQL语句 ] : SHOW COLUMNS FROM `p_tuser`
ERR: 1146:Table 'u32mvc.p_tuser' doesn't exist
 [ SQL语句 ] : SHOW COLUMNS FROM `p_tuser`
NOTIC: [2] Cannot modify header information - headers already sent by (output started at D:\PHP-webapp\ThinkPHP\ThinkPHP\Library\Think\Db\Driver.class.php:170) D:\PHP-webapp\ThinkPHP\ThinkPHP\Library\Think\Think.class.php 第 229 行.
NOTIC: [2] Cannot modify header information - headers already sent by (output started at D:\PHP-webapp\ThinkPHP\ThinkPHP\Library\Think\Db\Driver.class.php:170) D:\PHP-webapp\ThinkPHP\ThinkPHP\Library\Think\Think.class.php 第 230 行.

[ 2017-04-26T09:51:46+08:00 ] 127.0.0.1 /ThinkPHP/index.php/Home/User/User/login
INFO: [ app_init ] --START--
INFO: Run Behavior\BuildLiteBehavior [ RunTime:0.000000s ]
INFO: [ app_init ] --END-- [ RunTime:0.003000s ]
INFO: [ app_begin ] --START--
INFO: Run Behavior\ReadHtmlCacheBehavior [ RunTime:0.002000s ]
INFO: [ app_begin ] --END-- [ RunTime:0.004000s ]
SQL: SHOW COLUMNS FROM `pt_user` [ RunTime:0.0050s ]
SQL: SELECT * FROM `pt_user` WHERE ( username='18580184893' )  [ RunTime:0.0010s ]
NOTIC: [8] Undefined index: HTTP_HOST D:\PHP-webapp\ThinkPHP\Application\Home\Controller\User\UserController.class.php 第 30 行.
SQL: SHOW COLUMNS FROM `pt_userjob` [ RunTime:0.0030s ]
SQL: SELECT m.* FROM pt_userjob uj,pt_jobmenu jm,pt_menu m WHERE ( uj.jid=jm.jid and jm.mid=m.mid and uj.uid= 5 and m.showid=1 )  [ RunTime:0.0050s ]
INFO: [ app_end ] --START--
INFO: Run Behavior\ShowPageTraceBehavior [ RunTime:0.002000s ]
INFO: [ app_end ] --END-- [ RunTime:0.004001s ]

[ 2017-04-26T09:52:29+08:00 ] 127.0.0.1 /ThinkPHP/index.php/Home/User/User/login
INFO: [ app_init ] --START--
INFO: Run Behavior\BuildLiteBehavior [ RunTime:0.001000s ]
INFO: [ app_init ] --END-- [ RunTime:0.003000s ]
INFO: [ app_begin ] --START--
INFO: Run Behavior\ReadHtmlCacheBehavior [ RunTime:0.002000s ]
INFO: [ app_begin ] --END-- [ RunTime:0.004000s ]
SQL: SHOW COLUMNS FROM `pt_user` [ RunTime:0.0020s ]
SQL: SELECT * FROM `pt_user` WHERE ( username='18580184893' )  [ RunTime:0.0010s ]
NOTIC: [8] Undefined index: HTTP_HOST D:\PHP-webapp\ThinkPHP\Application\Home\Controller\User\UserController.class.php 第 31 行.
SQL: SHOW COLUMNS FROM `pt_userjob` [ RunTime:0.0020s ]
SQL: SELECT m.* FROM pt_userjob uj,pt_jobmenu jm,pt_menu m WHERE ( uj.jid=jm.jid and jm.mid=m.mid and uj.uid= 5 and m.showid=1 )  [ RunTime:0.0010s ]
INFO: [ app_end ] --START--
INFO: Run Behavior\ShowPageTraceBehavior [ RunTime:0.002000s ]
INFO: [ app_end ] --END-- [ RunTime:0.004000s ]

[ 2017-04-26T11:32:25+08:00 ] 127.0.0.1 /ThinkPHP/index.php/Home/User/User/login
INFO: [ app_init ] --START--
INFO: Run Behavior\BuildLiteBehavior [ RunTime:0.000000s ]
INFO: [ app_init ] --END-- [ RunTime:0.002000s ]
INFO: [ app_begin ] --START--
INFO: Run Behavior\ReadHtmlCacheBehavior [ RunTime:0.002000s ]
INFO: [ app_begin ] --END-- [ RunTime:0.004001s ]
SQL: SHOW COLUMNS FROM `pt_user` [ RunTime:0.0030s ]
SQL: SELECT * FROM `pt_user` WHERE ( username='18580184893' )  [ RunTime:0.0010s ]
NOTIC: [8] Undefined index: HTTP_HOST D:\PHP-webapp\ThinkPHP\Application\Home\Controller\User\UserController.class.php 第 36 行.
SQL: SHOW COLUMNS FROM `pt_userjob` [ RunTime:0.0030s ]
SQL: SELECT m.* FROM pt_userjob uj,pt_jobmenu jm,pt_menu m WHERE ( uj.jid=jm.jid and jm.mid=m.mid and uj.uid= 5 and m.showid=1 )  [ RunTime:0.0010s ]
INFO: [ app_end ] --START--
INFO: Run Behavior\ShowPageTraceBehavior [ RunTime:0.002000s ]
INFO: [ app_end ] --END-- [ RunTime:0.004001s ]

[ 2017-04-26T11:33:18+08:00 ] 127.0.0.1 /ThinkPHP/index.php/Home/User/User/PT_loadtable
INFO: [ app_init ] --START--
INFO: Run Behavior\BuildLiteBehavior [ RunTime:0.001000s ]
INFO: [ app_init ] --END-- [ RunTime:0.003000s ]
INFO: [ app_begin ] --START--
INFO: Run Behavior\ReadHtmlCacheBehavior [ RunTime:0.002000s ]
INFO: [ app_begin ] --END-- [ RunTime:0.005000s ]
SQL: SHOW COLUMNS FROM `pt_user` [ RunTime:0.0030s ]
SQL: SHOW COLUMNS FROM `pt_user` [ RunTime:0.0030s ]
SQL: SELECT count(*) FROM pt_user u,pt_card c,pt_integral i,pt_member m WHERE ( u.uid = c.uid and u.uid = i.uid and m.mid = i.mid and u.isvalid = 1 ) LIMIT 1   [ RunTime:0.0090s ]
SQL: SHOW COLUMNS FROM `pt_user` [ RunTime:0.0030s ]
SQL: SELECT u.*,c.card,m.name FROM pt_user u,pt_card c,pt_integral i,pt_member m WHERE ( u.uid = c.uid and u.uid = i.uid and m.mid = i.mid and u.isvalid = 1 ) LIMIT 0,10   [ RunTime:0.0020s ]

[ 2017-04-26T11:33:21+08:00 ] 127.0.0.1 /ThinkPHP/index.php/Home/User/User/PT_loadtable
INFO: [ app_init ] --START--
INFO: Run Behavior\BuildLiteBehavior [ RunTime:0.001000s ]
INFO: [ app_init ] --END-- [ RunTime:0.004000s ]
INFO: [ app_begin ] --START--
INFO: Run Behavior\ReadHtmlCacheBehavior [ RunTime:0.002000s ]
INFO: [ app_begin ] --END-- [ RunTime:0.002000s ]
SQL: SHOW COLUMNS FROM `pt_user` [ RunTime:0.0030s ]
SQL: SHOW COLUMNS FROM `pt_user` [ RunTime:0.0040s ]
SQL: SELECT count(*) FROM pt_user u,pt_card c,pt_integral i,pt_member m WHERE ( u.uid = c.uid and u.uid = i.uid and m.mid = i.mid and u.isvalid = 1 ) LIMIT 1   [ RunTime:0.0010s ]
SQL: SHOW COLUMNS FROM `pt_user` [ RunTime:0.0030s ]
SQL: SELECT u.*,c.card,m.name FROM pt_user u,pt_card c,pt_integral i,pt_member m WHERE ( u.uid = c.uid and u.uid = i.uid and m.mid = i.mid and u.isvalid = 1 ) LIMIT 0,10   [ RunTime:0.0010s ]

[ 2017-04-26T11:33:23+08:00 ] 127.0.0.1 /ThinkPHP/index.php/Home/User/User/select_usertable?pageNo=1&pageSize=10
INFO: [ app_init ] --START--
INFO: Run Behavior\BuildLiteBehavior [ RunTime:0.000000s ]
INFO: [ app_init ] --END-- [ RunTime:0.004000s ]
INFO: [ app_begin ] --START--
INFO: Run Behavior\ReadHtmlCacheBehavior [ RunTime:0.002000s ]
INFO: [ app_begin ] --END-- [ RunTime:0.003001s ]
SQL: SHOW COLUMNS FROM `pt_user` [ RunTime:0.0030s ]
SQL: SHOW COLUMNS FROM `pt_user` [ RunTime:0.0040s ]
SQL: SELECT count(*) FROM pt_user u,pt_card c,pt_integral i WHERE ( u.uid = c.uid and u.uid = i.uid and u.isvalid = 1  ) LIMIT 1   [ RunTime:0.0000s ]
SQL: SHOW COLUMNS FROM `pt_user` [ RunTime:0.0030s ]
SQL: SELECT u.username,md5(u.pass) as pass,u.address,u.telphone,u.e_mail,u.visa,c.card,c.money,i.integral FROM pt_user u,pt_card c,pt_integral i WHERE ( u.uid = c.uid and u.uid = i.uid and u.isvalid = 1  ) LIMIT 0,10   [ RunTime:0.0020s ]

[ 2017-04-26T11:33:32+08:00 ] 127.0.0.1 /ThinkPHP/index.php/Home/User/User/PT_loadtable
INFO: [ app_init ] --START--
INFO: Run Behavior\BuildLiteBehavior [ RunTime:0.000000s ]
INFO: [ app_init ] --END-- [ RunTime:0.003000s ]
INFO: [ app_begin ] --START--
INFO: Run Behavior\ReadHtmlCacheBehavior [ RunTime:0.001000s ]
INFO: [ app_begin ] --END-- [ RunTime:0.003000s ]
SQL: SHOW COLUMNS FROM `pt_user` [ RunTime:0.0040s ]
SQL: SHOW COLUMNS FROM `pt_user` [ RunTime:0.0030s ]
SQL: SELECT count(*) FROM pt_user u,pt_card c,pt_integral i,pt_member m WHERE ( u.uid = c.uid and u.uid = i.uid and m.mid = i.mid and u.isvalid = 1 ) LIMIT 1   [ RunTime:0.0010s ]
SQL: SHOW COLUMNS FROM `pt_user` [ RunTime:0.0030s ]
SQL: SELECT u.*,c.card,m.name FROM pt_user u,pt_card c,pt_integral i,pt_member m WHERE ( u.uid = c.uid and u.uid = i.uid and m.mid = i.mid and u.isvalid = 1 ) LIMIT 0,10   [ RunTime:0.0010s ]

[ 2017-04-26T11:33:46+08:00 ] 127.0.0.1 /ThinkPHP/index.php/Home/User/User/PT_loadtable
INFO: [ app_init ] --START--
INFO: Run Behavior\BuildLiteBehavior [ RunTime:0.001000s ]
INFO: [ app_init ] --END-- [ RunTime:0.003000s ]
INFO: [ app_begin ] --START--
INFO: Run Behavior\ReadHtmlCacheBehavior [ RunTime:0.002000s ]
INFO: [ app_begin ] --END-- [ RunTime:0.004000s ]
SQL: SHOW COLUMNS FROM `pt_user` [ RunTime:0.0030s ]
SQL: SHOW COLUMNS FROM `pt_user` [ RunTime:0.0050s ]
SQL: SELECT count(*) FROM pt_user u,pt_card c,pt_integral i,pt_member m WHERE ( u.uid = c.uid and u.uid = i.uid and m.mid = i.mid and u.isvalid = 1 ) LIMIT 1   [ RunTime:0.0010s ]
SQL: SHOW COLUMNS FROM `pt_user` [ RunTime:0.0030s ]
SQL: SELECT u.*,c.card,m.name FROM pt_user u,pt_card c,pt_integral i,pt_member m WHERE ( u.uid = c.uid and u.uid = i.uid and m.mid = i.mid and u.isvalid = 1 ) LIMIT 0,10   [ RunTime:0.0010s ]

[ 2017-04-26T11:33:49+08:00 ] 127.0.0.1 /ThinkPHP/index.php/Home/User/User/select_usertable?pageNo=1&pageSize=10
INFO: [ app_init ] --START--
INFO: Run Behavior\BuildLiteBehavior [ RunTime:0.001000s ]
INFO: [ app_init ] --END-- [ RunTime:0.003000s ]
INFO: [ app_begin ] --START--
INFO: Run Behavior\ReadHtmlCacheBehavior [ RunTime:0.002000s ]
INFO: [ app_begin ] --END-- [ RunTime:0.002000s ]
SQL: SHOW COLUMNS FROM `pt_user` [ RunTime:0.0030s ]
SQL: SHOW COLUMNS FROM `pt_user` [ RunTime:0.0050s ]
SQL: SELECT count(*) FROM pt_user u,pt_card c,pt_integral i WHERE ( u.uid = c.uid and u.uid = i.uid and u.isvalid = 1  ) LIMIT 1   [ RunTime:0.0000s ]
SQL: SHOW COLUMNS FROM `pt_user` [ RunTime:0.0050s ]
SQL: SELECT u.username,md5(u.pass) as pass,u.address,u.telphone,u.e_mail,u.visa,c.card,c.money,i.integral FROM pt_user u,pt_card c,pt_integral i WHERE ( u.uid = c.uid and u.uid = i.uid and u.isvalid = 1  ) LIMIT 0,10   [ RunTime:0.0010s ]

[ 2017-04-26T11:33:59+08:00 ] 127.0.0.1 /ThinkPHP/index.php/Home/User/User/PT_loadtable
INFO: [ app_init ] --START--
INFO: Run Behavior\BuildLiteBehavior [ RunTime:0.001000s ]
INFO: [ app_init ] --END-- [ RunTime:0.004000s ]
INFO: [ app_begin ] --START--
INFO: Run Behavior\ReadHtmlCacheBehavior [ RunTime:0.002000s ]
INFO: [ app_begin ] --END-- [ RunTime:0.005000s ]
SQL: SHOW COLUMNS FROM `pt_user` [ RunTime:0.0030s ]
SQL: SHOW COLUMNS FROM `pt_user` [ RunTime:0.0030s ]
SQL: SELECT count(*) FROM pt_user u,pt_card c,pt_integral i,pt_member m WHERE ( u.uid = c.uid and u.uid = i.uid and m.mid = i.mid and u.isvalid = 1 ) LIMIT 1   [ RunTime:0.0010s ]
SQL: SHOW COLUMNS FROM `pt_user` [ RunTime:0.0040s ]
SQL: SELECT u.*,c.card,m.name FROM pt_user u,pt_card c,pt_integral i,pt_member m WHERE ( u.uid = c.uid and u.uid = i.uid and m.mid = i.mid and u.isvalid = 1 ) LIMIT 0,10   [ RunTime:0.0010s ]

[ 2017-04-26T11:52:08+08:00 ] 127.0.0.1 /ThinkPHP/index.php/Home/User/User/PT_loadtable
INFO: [ app_init ] --START--
INFO: Run Behavior\BuildLiteBehavior [ RunTime:0.000000s ]
INFO: [ app_init ] --END-- [ RunTime:0.003000s ]
INFO: [ app_begin ] --START--
INFO: Run Behavior\ReadHtmlCacheBehavior [ RunTime:0.002001s ]
INFO: [ app_begin ] --END-- [ RunTime:0.002001s ]
SQL: SHOW COLUMNS FROM `pt_user` [ RunTime:0.0030s ]
SQL: SHOW COLUMNS FROM `pt_user` [ RunTime:0.0040s ]
SQL: SELECT count(*) FROM pt_user u,pt_card c,pt_integral i,pt_member m WHERE ( u.uid = c.uid and u.uid = i.uid and m.mid = i.mid and u.isvalid = 1 ) LIMIT 1   [ RunTime:0.0000s ]
SQL: SHOW COLUMNS FROM `pt_user` [ RunTime:0.0030s ]
SQL: SELECT u.*,c.card,m.name FROM pt_user u,pt_card c,pt_integral i,pt_member m WHERE ( u.uid = c.uid and u.uid = i.uid and m.mid = i.mid and u.isvalid = 1 ) LIMIT 0,10   [ RunTime:0.0010s ]

[ 2017-04-26T11:53:31+08:00 ] 127.0.0.1 /ThinkPHP/index.php/Home/User/User/PT_loadtable
INFO: [ app_init ] --START--
INFO: Run Behavior\BuildLiteBehavior [ RunTime:0.000000s ]
INFO: [ app_init ] --END-- [ RunTime:0.004000s ]
INFO: [ app_begin ] --START--
INFO: Run Behavior\ReadHtmlCacheBehavior [ RunTime:0.001000s ]
INFO: [ app_begin ] --END-- [ RunTime:0.004000s ]
SQL: SHOW COLUMNS FROM `pt_user` [ RunTime:0.0040s ]
SQL: SHOW COLUMNS FROM `pt_user` [ RunTime:0.0040s ]
SQL: SELECT count(*) FROM pt_user u,pt_card c,pt_integral i,pt_member m WHERE ( u.uid = c.uid and u.uid = i.uid and m.mid = i.mid and u.isvalid = 1 ) LIMIT 1   [ RunTime:0.0000s ]
SQL: SHOW COLUMNS FROM `pt_user` [ RunTime:0.0030s ]
SQL: SELECT u.*,c.card,m.name FROM pt_user u,pt_card c,pt_integral i,pt_member m WHERE ( u.uid = c.uid and u.uid = i.uid and m.mid = i.mid and u.isvalid = 1 ) LIMIT 0,10   [ RunTime:0.0010s ]

[ 2017-04-26T11:55:12+08:00 ] 127.0.0.1 /ThinkPHP/index.php/Home/User/User/PT_loadtable
INFO: [ app_init ] --START--
INFO: Run Behavior\BuildLiteBehavior [ RunTime:0.000000s ]
INFO: [ app_init ] --END-- [ RunTime:0.003000s ]
INFO: [ app_begin ] --START--
INFO: Run Behavior\ReadHtmlCacheBehavior [ RunTime:0.004000s ]
INFO: [ app_begin ] --END-- [ RunTime:0.007000s ]
SQL: SHOW COLUMNS FROM `pt_user` [ RunTime:0.0040s ]
SQL: SHOW COLUMNS FROM `pt_user` [ RunTime:0.0030s ]
SQL: SELECT count(*) FROM pt_user u,pt_card c,pt_integral i,pt_member m WHERE ( u.uid = c.uid and u.uid = i.uid and m.mid = i.mid and u.isvalid = 1 ) LIMIT 1   [ RunTime:0.0010s ]
SQL: SHOW COLUMNS FROM `pt_user` [ RunTime:0.0030s ]
SQL: SELECT u.*,c.card,m.name FROM pt_user u,pt_card c,pt_integral i,pt_member m WHERE ( u.uid = c.uid and u.uid = i.uid and m.mid = i.mid and u.isvalid = 1 ) LIMIT 0,10   [ RunTime:0.0010s ]

[ 2017-04-26T11:55:27+08:00 ] 127.0.0.1 /ThinkPHP/index.php/Home/User/User/PT_loadtable
INFO: [ app_init ] --START--
INFO: Run Behavior\BuildLiteBehavior [ RunTime:0.001000s ]
INFO: [ app_init ] --END-- [ RunTime:0.004000s ]
INFO: [ app_begin ] --START--
INFO: Run Behavior\ReadHtmlCacheBehavior [ RunTime:0.001000s ]
INFO: [ app_begin ] --END-- [ RunTime:0.003000s ]
SQL: SHOW COLUMNS FROM `pt_user` [ RunTime:0.0030s ]
SQL: SHOW COLUMNS FROM `pt_user` [ RunTime:0.0030s ]
SQL: SELECT count(*) FROM pt_user u,pt_card c,pt_integral i,pt_member m WHERE ( u.uid = c.uid and u.uid = i.uid and m.mid = i.mid and u.isvalid = 1 ) LIMIT 1   [ RunTime:0.0010s ]
SQL: SHOW COLUMNS FROM `pt_user` [ RunTime:0.0040s ]
SQL: SELECT u.*,c.card,m.name FROM pt_user u,pt_card c,pt_integral i,pt_member m WHERE ( u.uid = c.uid and u.uid = i.uid and m.mid = i.mid and u.isvalid = 1 ) LIMIT 0,10   [ RunTime:0.0010s ]

[ 2017-04-26T13:40:42+08:00 ] 127.0.0.1 /ThinkPHP/index.php/Home/User/User/PT_loadtable
INFO: [ app_init ] --START--
INFO: Run Behavior\BuildLiteBehavior [ RunTime:0.000000s ]
INFO: [ app_init ] --END-- [ RunTime:0.004000s ]
INFO: [ app_begin ] --START--
INFO: Run Behavior\ReadHtmlCacheBehavior [ RunTime:0.003000s ]
INFO: [ app_begin ] --END-- [ RunTime:0.006000s ]
SQL: SHOW COLUMNS FROM `pt_user` [ RunTime:0.0040s ]
SQL: SHOW COLUMNS FROM `pt_user` [ RunTime:0.0040s ]
SQL: SELECT count(*) FROM pt_user u,pt_card c,pt_integral i,pt_member m WHERE ( u.uid = c.uid and u.uid = i.uid and m.mid = i.mid and u.isvalid = 1 ) LIMIT 1   [ RunTime:0.0010s ]
SQL: SHOW COLUMNS FROM `pt_user` [ RunTime:0.0020s ]
SQL: SELECT u.*,c.card,m.name FROM pt_user u,pt_card c,pt_integral i,pt_member m WHERE ( u.uid = c.uid and u.uid = i.uid and m.mid = i.mid and u.isvalid = 1 ) LIMIT 0,10   [ RunTime:0.0010s ]

[ 2017-04-26T13:42:49+08:00 ] 127.0.0.1 /ThinkPHP/index.php/Home/User/User/PT_loadtable
INFO: [ app_init ] --START--
INFO: Run Behavior\BuildLiteBehavior [ RunTime:0.001000s ]
INFO: [ app_init ] --END-- [ RunTime:0.004000s ]
INFO: [ app_begin ] --START--
INFO: Run Behavior\ReadHtmlCacheBehavior [ RunTime:0.003000s ]
INFO: [ app_begin ] --END-- [ RunTime:0.005000s ]
SQL: SHOW COLUMNS FROM `pt_user` [ RunTime:0.0040s ]
SQL: SHOW COLUMNS FROM `pt_user` [ RunTime:0.0050s ]
SQL: SELECT count(*) FROM pt_user u,pt_card c,pt_integral i,pt_member m WHERE ( u.uid = c.uid and u.uid = i.uid and m.mid = i.mid and u.isvalid = 1 ) LIMIT 1   [ RunTime:0.0000s ]
SQL: SHOW COLUMNS FROM `pt_user` [ RunTime:0.0060s ]
SQL: SELECT u.*,c.card,m.name FROM pt_user u,pt_card c,pt_integral i,pt_member m WHERE ( u.uid = c.uid and u.uid = i.uid and m.mid = i.mid and u.isvalid = 1 ) LIMIT 0,10   [ RunTime:0.0010s ]

[ 2017-04-26T13:43:16+08:00 ] 127.0.0.1 /ThinkPHP/index.php/Home/User/User/PT_loadtable
INFO: [ app_init ] --START--
INFO: Run Behavior\BuildLiteBehavior [ RunTime:0.000000s ]
INFO: [ app_init ] --END-- [ RunTime:0.003001s ]
INFO: [ app_begin ] --START--
INFO: Run Behavior\ReadHtmlCacheBehavior [ RunTime:0.002000s ]
INFO: [ app_begin ] --END-- [ RunTime:0.004000s ]
SQL: SHOW COLUMNS FROM `pt_user` [ RunTime:0.0040s ]
SQL: SHOW COLUMNS FROM `pt_user` [ RunTime:0.0030s ]
SQL: SELECT count(*) FROM pt_user u,pt_card c,pt_integral i,pt_member m WHERE ( u.uid = c.uid and u.uid = i.uid and m.mid = i.mid and u.isvalid = 1 ) LIMIT 1   [ RunTime:0.0010s ]
SQL: SHOW COLUMNS FROM `pt_user` [ RunTime:0.0030s ]
SQL: SELECT u.*,c.card,m.name FROM pt_user u,pt_card c,pt_integral i,pt_member m WHERE ( u.uid = c.uid and u.uid = i.uid and m.mid = i.mid and u.isvalid = 1 ) LIMIT 0,10   [ RunTime:0.0010s ]

[ 2017-04-26T14:23:30+08:00 ] 127.0.0.1 /ThinkPHP/index.php/Home/User/User/PT_loadtable
INFO: [ app_init ] --START--
INFO: Run Behavior\BuildLiteBehavior [ RunTime:0.000000s ]
INFO: [ app_init ] --END-- [ RunTime:0.003001s ]
INFO: [ app_begin ] --START--
INFO: Run Behavior\ReadHtmlCacheBehavior [ RunTime:0.001000s ]
INFO: [ app_begin ] --END-- [ RunTime:0.003000s ]
SQL: SHOW COLUMNS FROM `pt_user` [ RunTime:0.0050s ]
SQL: SHOW COLUMNS FROM `pt_user` [ RunTime:0.0050s ]
SQL: SELECT count(*) FROM pt_user u,pt_card c,pt_integral i,pt_member m WHERE ( u.uid = c.uid and u.uid = i.uid and m.mid = i.mid and u.isvalid = 1 ) LIMIT 1   [ RunTime:0.0010s ]
SQL: SHOW COLUMNS FROM `pt_user` [ RunTime:0.0040s ]
SQL: SELECT u.*,c.card,m.name FROM pt_user u,pt_card c,pt_integral i,pt_member m WHERE ( u.uid = c.uid and u.uid = i.uid and m.mid = i.mid and u.isvalid = 1 ) LIMIT 0,10   [ RunTime:0.0010s ]

[ 2017-04-26T14:23:34+08:00 ] 127.0.0.1 /ThinkPHP/index.php/Home/User/User/PT_loadtable
INFO: [ app_init ] --START--
INFO: Run Behavior\BuildLiteBehavior [ RunTime:0.001000s ]
INFO: [ app_init ] --END-- [ RunTime:0.006000s ]
INFO: [ app_begin ] --START--
INFO: Run Behavior\ReadHtmlCacheBehavior [ RunTime:0.002000s ]
INFO: [ app_begin ] --END-- [ RunTime:0.004000s ]
SQL: SHOW COLUMNS FROM `pt_user` [ RunTime:0.0040s ]
SQL: SHOW COLUMNS FROM `pt_user` [ RunTime:0.0030s ]
SQL: SELECT count(*) FROM pt_user u,pt_card c,pt_integral i,pt_member m WHERE ( u.uid = c.uid and u.uid = i.uid and m.mid = i.mid and u.isvalid = 1 ) LIMIT 1   [ RunTime:0.0010s ]
SQL: SHOW COLUMNS FROM `pt_user` [ RunTime:0.0030s ]
SQL: SELECT u.*,c.card,m.name FROM pt_user u,pt_card c,pt_integral i,pt_member m WHERE ( u.uid = c.uid and u.uid = i.uid and m.mid = i.mid and u.isvalid = 1 ) LIMIT 0,10   [ RunTime:0.0010s ]

[ 2017-04-26T14:23:45+08:00 ] 127.0.0.1 /ThinkPHP/index.php/Home/User/User/PT_loadtable
INFO: [ app_init ] --START--
INFO: Run Behavior\BuildLiteBehavior [ RunTime:0.001000s ]
INFO: [ app_init ] --END-- [ RunTime:0.005000s ]
INFO: [ app_begin ] --START--
INFO: Run Behavior\ReadHtmlCacheBehavior [ RunTime:0.002000s ]
INFO: [ app_begin ] --END-- [ RunTime:0.005000s ]
SQL: SHOW COLUMNS FROM `pt_user` [ RunTime:0.0030s ]
SQL: SHOW COLUMNS FROM `pt_user` [ RunTime:0.0050s ]
SQL: SELECT count(*) FROM pt_user u,pt_card c,pt_integral i,pt_member m WHERE ( u.uid = c.uid and u.uid = i.uid and m.mid = i.mid and u.isvalid = 1 ) LIMIT 1   [ RunTime:0.0010s ]
SQL: SHOW COLUMNS FROM `pt_user` [ RunTime:0.0030s ]
SQL: SELECT u.*,c.card,m.name FROM pt_user u,pt_card c,pt_integral i,pt_member m WHERE ( u.uid = c.uid and u.uid = i.uid and m.mid = i.mid and u.isvalid = 1 ) LIMIT 0,10   [ RunTime:0.0010s ]

[ 2017-04-26T14:26:54+08:00 ] 127.0.0.1 /ThinkPHP/index.php/Home/User/User/PT_loadtable
INFO: [ app_init ] --START--
INFO: Run Behavior\BuildLiteBehavior [ RunTime:0.000000s ]
INFO: [ app_init ] --END-- [ RunTime:0.003000s ]
INFO: [ app_begin ] --START--
INFO: Run Behavior\ReadHtmlCacheBehavior [ RunTime:0.002000s ]
INFO: [ app_begin ] --END-- [ RunTime:0.005000s ]
SQL: SHOW COLUMNS FROM `pt_user` [ RunTime:0.0050s ]
SQL: SHOW COLUMNS FROM `pt_user` [ RunTime:0.0030s ]
SQL: SELECT count(*) FROM pt_user u,pt_card c,pt_integral i,pt_member m WHERE ( u.uid = c.uid and u.uid = i.uid and m.mid = i.mid and u.isvalid = 1 ) LIMIT 1   [ RunTime:0.0010s ]
SQL: SHOW COLUMNS FROM `pt_user` [ RunTime:0.0030s ]
SQL: SELECT u.*,c.card,m.name FROM pt_user u,pt_card c,pt_integral i,pt_member m WHERE ( u.uid = c.uid and u.uid = i.uid and m.mid = i.mid and u.isvalid = 1 ) LIMIT 0,10   [ RunTime:0.0010s ]

[ 2017-04-26T14:27:02+08:00 ] 127.0.0.1 /ThinkPHP/index.php/Home/User/User/dosearch
INFO: [ app_init ] --START--
INFO: Run Behavior\BuildLiteBehavior [ RunTime:0.001000s ]
INFO: [ app_init ] --END-- [ RunTime:0.003000s ]
INFO: [ app_begin ] --START--
INFO: Run Behavior\ReadHtmlCacheBehavior [ RunTime:0.002000s ]
INFO: [ app_begin ] --END-- [ RunTime:0.003000s ]
SQL: SHOW COLUMNS FROM `pt_user` [ RunTime:0.0030s ]
SQL: SHOW COLUMNS FROM `pt_user` [ RunTime:0.0030s ]
ERR: 1064:You have an error in your SQL syntax; check the manual that corresponds to your MySQL server version for the right syntax to use near 'like %1% )' at line 1
 [ SQL语句 ] : SELECT u.*,c.card,m.name FROM pt_user u,pt_card c,pt_integral i,pt_member m WHERE ( u.uid = c.uid and u.uid = i.uid and m.mid = i.mid and u.isvalid = 1c.card = like %1% ) 
ERR: 1064:You have an error in your SQL syntax; check the manual that corresponds to your MySQL server version for the right syntax to use near 'like %1% )' at line 1
 [ SQL语句 ] : SELECT u.*,c.card,m.name FROM pt_user u,pt_card c,pt_integral i,pt_member m WHERE ( u.uid = c.uid and u.uid = i.uid and m.mid = i.mid and u.isvalid = 1c.card = like %1% ) 
NOTIC: [2] Cannot modify header information - headers already sent by (output started at D:\PHP-webapp\ThinkPHP\ThinkPHP\Library\Think\Db\Driver.class.php:170) D:\PHP-webapp\ThinkPHP\ThinkPHP\Library\Think\Think.class.php 第 229 行.
NOTIC: [2] Cannot modify header information - headers already sent by (output started at D:\PHP-webapp\ThinkPHP\ThinkPHP\Library\Think\Db\Driver.class.php:170) D:\PHP-webapp\ThinkPHP\ThinkPHP\Library\Think\Think.class.php 第 230 行.

[ 2017-04-26T14:27:22+08:00 ] 127.0.0.1 /ThinkPHP/index.php/Home/User/User/dosearch
INFO: [ app_init ] --START--
INFO: Run Behavior\BuildLiteBehavior [ RunTime:0.000000s ]
INFO: [ app_init ] --END-- [ RunTime:0.003000s ]
INFO: [ app_begin ] --START--
INFO: Run Behavior\ReadHtmlCacheBehavior [ RunTime:0.002000s ]
INFO: [ app_begin ] --END-- [ RunTime:0.003000s ]
SQL: SHOW COLUMNS FROM `pt_user` [ RunTime:0.0030s ]
SQL: SHOW COLUMNS FROM `pt_user` [ RunTime:0.0030s ]
ERR: 1064:You have an error in your SQL syntax; check the manual that corresponds to your MySQL server version for the right syntax to use near 'like %1% )' at line 1
 [ SQL语句 ] : SELECT u.*,c.card,m.name FROM pt_user u,pt_card c,pt_integral i,pt_member m WHERE ( u.uid = c.uid and u.uid = i.uid and m.mid = i.mid and u.isvalid = 1c.card = like %1% ) 
ERR: 1064:You have an error in your SQL syntax; check the manual that corresponds to your MySQL server version for the right syntax to use near 'like %1% )' at line 1
 [ SQL语句 ] : SELECT u.*,c.card,m.name FROM pt_user u,pt_card c,pt_integral i,pt_member m WHERE ( u.uid = c.uid and u.uid = i.uid and m.mid = i.mid and u.isvalid = 1c.card = like %1% ) 
NOTIC: [2] Cannot modify header information - headers already sent by (output started at D:\PHP-webapp\ThinkPHP\ThinkPHP\Library\Think\Db\Driver.class.php:170) D:\PHP-webapp\ThinkPHP\ThinkPHP\Library\Think\Think.class.php 第 229 行.
NOTIC: [2] Cannot modify header information - headers already sent by (output started at D:\PHP-webapp\ThinkPHP\ThinkPHP\Library\Think\Db\Driver.class.php:170) D:\PHP-webapp\ThinkPHP\ThinkPHP\Library\Think\Think.class.php 第 230 行.

[ 2017-04-26T15:48:49+08:00 ] 127.0.0.1 /ThinkPHP/index.php/Home/User/User/login
INFO: [ app_init ] --START--
INFO: Run Behavior\BuildLiteBehavior [ RunTime:0.001000s ]
INFO: [ app_init ] --END-- [ RunTime:0.003000s ]
INFO: [ app_begin ] --START--
INFO: Run Behavior\ReadHtmlCacheBehavior [ RunTime:0.002000s ]
INFO: [ app_begin ] --END-- [ RunTime:0.004000s ]
SQL: SHOW COLUMNS FROM `pt_user` [ RunTime:0.0040s ]
SQL: SELECT * FROM `pt_user` WHERE ( username='18580184893' )  [ RunTime:0.0010s ]
NOTIC: [8] Undefined index: HTTP_HOST D:\PHP-webapp\ThinkPHP\Application\Home\Controller\User\UserController.class.php 第 36 行.
SQL: SHOW COLUMNS FROM `pt_userjob` [ RunTime:0.0040s ]
SQL: SELECT m.* FROM pt_userjob uj,pt_jobmenu jm,pt_menu m WHERE ( uj.jid=jm.jid and jm.mid=m.mid and uj.uid= 5 and m.showid=1 )  [ RunTime:0.0010s ]
INFO: [ app_end ] --START--
INFO: Run Behavior\ShowPageTraceBehavior [ RunTime:0.003000s ]
INFO: [ app_end ] --END-- [ RunTime:0.005000s ]

[ 2017-04-26T15:48:52+08:00 ] 127.0.0.1 /ThinkPHP/index.php/Home/User/User/PT_loadtable
INFO: [ app_init ] --START--
INFO: Run Behavior\BuildLiteBehavior [ RunTime:0.000000s ]
INFO: [ app_init ] --END-- [ RunTime:0.004000s ]
INFO: [ app_begin ] --START--
INFO: Run Behavior\ReadHtmlCacheBehavior [ RunTime:0.003000s ]
INFO: [ app_begin ] --END-- [ RunTime:0.004000s ]
SQL: SHOW COLUMNS FROM `pt_user` [ RunTime:0.0040s ]
SQL: SHOW COLUMNS FROM `pt_user` [ RunTime:0.0040s ]
SQL: SELECT count(*) FROM pt_user u,pt_card c,pt_integral i,pt_member m WHERE ( u.uid = c.uid and u.uid = i.uid and m.mid = i.mid and u.isvalid = 1 ) LIMIT 1   [ RunTime:0.0010s ]
SQL: SHOW COLUMNS FROM `pt_user` [ RunTime:0.0040s ]
SQL: SELECT u.*,c.card,m.name FROM pt_user u,pt_card c,pt_integral i,pt_member m WHERE ( u.uid = c.uid and u.uid = i.uid and m.mid = i.mid and u.isvalid = 1 ) LIMIT 0,10   [ RunTime:0.0000s ]

[ 2017-04-26T15:48:57+08:00 ] 127.0.0.1 /ThinkPHP/index.php/Home/User/User/dosearch
INFO: [ app_init ] --START--
INFO: Run Behavior\BuildLiteBehavior [ RunTime:0.000000s ]
INFO: [ app_init ] --END-- [ RunTime:0.003000s ]
INFO: [ app_begin ] --START--
INFO: Run Behavior\ReadHtmlCacheBehavior [ RunTime:0.001000s ]
INFO: [ app_begin ] --END-- [ RunTime:0.003000s ]
SQL: SHOW COLUMNS FROM `pt_user` [ RunTime:0.0020s ]
SQL: SHOW COLUMNS FROM `pt_user` [ RunTime:0.0030s ]

[ 2017-04-26T15:50:06+08:00 ] 127.0.0.1 /ThinkPHP/index.php/Home/User/User/dosearch
INFO: [ app_init ] --START--
INFO: Run Behavior\BuildLiteBehavior [ RunTime:0.000000s ]
INFO: [ app_init ] --END-- [ RunTime:0.003000s ]
INFO: [ app_begin ] --START--
INFO: Run Behavior\ReadHtmlCacheBehavior [ RunTime:0.001000s ]
INFO: [ app_begin ] --END-- [ RunTime:0.003000s ]
SQL: SHOW COLUMNS FROM `pt_user` [ RunTime:0.0030s ]
SQL: SHOW COLUMNS FROM `pt_user` [ RunTime:0.0050s ]
ERR: 1064:You have an error in your SQL syntax; check the manual that corresponds to your MySQL server version for the right syntax to use near 'like %01% )' at line 1
 [ SQL语句 ] : SELECT u.*,c.card,m.name FROM pt_user u,pt_card c,pt_integral i,pt_member m WHERE ( u.uid = c.uid and u.uid = i.uid and m.mid = i.mid and u.isvalid = 1 and c.card = like %01% ) 
ERR: 1064:You have an error in your SQL syntax; check the manual that corresponds to your MySQL server version for the right syntax to use near 'like %01% )' at line 1
 [ SQL语句 ] : SELECT u.*,c.card,m.name FROM pt_user u,pt_card c,pt_integral i,pt_member m WHERE ( u.uid = c.uid and u.uid = i.uid and m.mid = i.mid and u.isvalid = 1 and c.card = like %01% ) 
NOTIC: [2] Cannot modify header information - headers already sent by (output started at D:\PHP-webapp\ThinkPHP\ThinkPHP\Library\Think\Db\Driver.class.php:170) D:\PHP-webapp\ThinkPHP\ThinkPHP\Library\Think\Think.class.php 第 229 行.
NOTIC: [2] Cannot modify header information - headers already sent by (output started at D:\PHP-webapp\ThinkPHP\ThinkPHP\Library\Think\Db\Driver.class.php:170) D:\PHP-webapp\ThinkPHP\ThinkPHP\Library\Think\Think.class.php 第 230 行.

[ 2017-04-26T15:50:29+08:00 ] 127.0.0.1 /ThinkPHP/index.php/Home/User/User/dosearch
INFO: [ app_init ] --START--
INFO: Run Behavior\BuildLiteBehavior [ RunTime:0.000000s ]
INFO: [ app_init ] --END-- [ RunTime:0.004000s ]
INFO: [ app_begin ] --START--
INFO: Run Behavior\ReadHtmlCacheBehavior [ RunTime:0.001000s ]
INFO: [ app_begin ] --END-- [ RunTime:0.003000s ]
SQL: SHOW COLUMNS FROM `pt_user` [ RunTime:0.0030s ]
SQL: SHOW COLUMNS FROM `pt_user` [ RunTime:0.0030s ]

[ 2017-04-26T15:51:17+08:00 ] 127.0.0.1 /ThinkPHP/index.php/Home/User/User/dosearch
INFO: [ app_init ] --START--
INFO: Run Behavior\BuildLiteBehavior [ RunTime:0.000000s ]
INFO: [ app_init ] --END-- [ RunTime:0.003000s ]
INFO: [ app_begin ] --START--
INFO: Run Behavior\ReadHtmlCacheBehavior [ RunTime:0.001000s ]
INFO: [ app_begin ] --END-- [ RunTime:0.003000s ]
SQL: SHOW COLUMNS FROM `pt_user` [ RunTime:0.0050s ]
SQL: SHOW COLUMNS FROM `pt_user` [ RunTime:0.0050s ]

[ 2017-04-26T15:51:23+08:00 ] 127.0.0.1 /ThinkPHP/index.php/Home/User/User/dosearch
INFO: [ app_init ] --START--
INFO: Run Behavior\BuildLiteBehavior [ RunTime:0.000000s ]
INFO: [ app_init ] --END-- [ RunTime:0.003000s ]
INFO: [ app_begin ] --START--
INFO: Run Behavior\ReadHtmlCacheBehavior [ RunTime:0.002000s ]
INFO: [ app_begin ] --END-- [ RunTime:0.003000s ]
SQL: SHOW COLUMNS FROM `pt_user` [ RunTime:0.0030s ]
SQL: SHOW COLUMNS FROM `pt_user` [ RunTime:0.0050s ]

[ 2017-04-26T15:51:44+08:00 ] 127.0.0.1 /ThinkPHP/index.php/Home/User/User/dosearch
INFO: [ app_init ] --START--
INFO: Run Behavior\BuildLiteBehavior [ RunTime:0.000000s ]
INFO: [ app_init ] --END-- [ RunTime:0.004000s ]
INFO: [ app_begin ] --START--
INFO: Run Behavior\ReadHtmlCacheBehavior [ RunTime:0.002000s ]
INFO: [ app_begin ] --END-- [ RunTime:0.003000s ]
SQL: SHOW COLUMNS FROM `pt_user` [ RunTime:0.0080s ]
SQL: SHOW COLUMNS FROM `pt_user` [ RunTime:0.0060s ]
ERR: 1064:You have an error in your SQL syntax; check the manual that corresponds to your MySQL server version for the right syntax to use near 'like '%01%' )' at line 1
 [ SQL语句 ] : SELECT u.*,c.card,m.name FROM pt_user u,pt_card c,pt_integral i,pt_member m WHERE ( u.uid = c.uid and u.uid = i.uid and m.mid = i.mid and u.isvalid = 1 and c.card = like '%01%' ) 
ERR: 1064:You have an error in your SQL syntax; check the manual that corresponds to your MySQL server version for the right syntax to use near 'like '%01%' )' at line 1
 [ SQL语句 ] : SELECT u.*,c.card,m.name FROM pt_user u,pt_card c,pt_integral i,pt_member m WHERE ( u.uid = c.uid and u.uid = i.uid and m.mid = i.mid and u.isvalid = 1 and c.card = like '%01%' ) 
NOTIC: [2] Cannot modify header information - headers already sent by (output started at D:\PHP-webapp\ThinkPHP\ThinkPHP\Library\Think\Db\Driver.class.php:170) D:\PHP-webapp\ThinkPHP\ThinkPHP\Library\Think\Think.class.php 第 229 行.
NOTIC: [2] Cannot modify header information - headers already sent by (output started at D:\PHP-webapp\ThinkPHP\ThinkPHP\Library\Think\Db\Driver.class.php:170) D:\PHP-webapp\ThinkPHP\ThinkPHP\Library\Think\Think.class.php 第 230 行.

[ 2017-04-26T15:52:50+08:00 ] 127.0.0.1 /ThinkPHP/index.php/Home/User/User/dosearch
INFO: [ app_init ] --START--
INFO: Run Behavior\BuildLiteBehavior [ RunTime:0.000000s ]
INFO: [ app_init ] --END-- [ RunTime:0.003000s ]
INFO: [ app_begin ] --START--
INFO: Run Behavior\ReadHtmlCacheBehavior [ RunTime:0.002000s ]
INFO: [ app_begin ] --END-- [ RunTime:0.003000s ]
SQL: SHOW COLUMNS FROM `pt_user` [ RunTime:0.0050s ]
SQL: SHOW COLUMNS FROM `pt_user` [ RunTime:0.0030s ]
SQL: SELECT u.*,c.card,m.name FROM pt_user u,pt_card c,pt_integral i,pt_member m WHERE ( u.uid = c.uid and u.uid = i.uid and m.mid = i.mid and u.isvalid = 1 and c.card  like '%01%' )  [ RunTime:0.0100s ]
NOTIC: [8] Array to string conversion D:\PHP-webapp\ThinkPHP\Application\Home\Controller\User\UserController.class.php 第 194 行.

[ 2017-04-26T15:54:18+08:00 ] 127.0.0.1 /ThinkPHP/index.php/Home/User/User/PT_loadtable
INFO: [ app_init ] --START--
INFO: Run Behavior\BuildLiteBehavior [ RunTime:0.001000s ]
INFO: [ app_init ] --END-- [ RunTime:0.004000s ]
INFO: [ app_begin ] --START--
INFO: Run Behavior\ReadHtmlCacheBehavior [ RunTime:0.002000s ]
INFO: [ app_begin ] --END-- [ RunTime:0.004000s ]
SQL: SHOW COLUMNS FROM `pt_user` [ RunTime:0.0040s ]
SQL: SHOW COLUMNS FROM `pt_user` [ RunTime:0.0060s ]
SQL: SELECT count(*) FROM pt_user u,pt_card c,pt_integral i,pt_member m WHERE ( u.uid = c.uid and u.uid = i.uid and m.mid = i.mid and u.isvalid = 1 ) LIMIT 1   [ RunTime:0.0020s ]
SQL: SHOW COLUMNS FROM `pt_user` [ RunTime:0.0030s ]
SQL: SELECT u.*,c.card,m.name FROM pt_user u,pt_card c,pt_integral i,pt_member m WHERE ( u.uid = c.uid and u.uid = i.uid and m.mid = i.mid and u.isvalid = 1 ) LIMIT 0,10   [ RunTime:0.0000s ]

[ 2017-04-26T15:54:21+08:00 ] 127.0.0.1 /ThinkPHP/index.php/Home/User/User/dosearch
INFO: [ app_init ] --START--
INFO: Run Behavior\BuildLiteBehavior [ RunTime:0.000000s ]
INFO: [ app_init ] --END-- [ RunTime:0.002000s ]
INFO: [ app_begin ] --START--
INFO: Run Behavior\ReadHtmlCacheBehavior [ RunTime:0.001000s ]
INFO: [ app_begin ] --END-- [ RunTime:0.004000s ]
SQL: SHOW COLUMNS FROM `pt_user` [ RunTime:0.0040s ]
SQL: SHOW COLUMNS FROM `pt_user` [ RunTime:0.0040s ]
SQL: SELECT u.*,c.card,m.name FROM pt_user u,pt_card c,pt_integral i,pt_member m WHERE ( u.uid = c.uid and u.uid = i.uid and m.mid = i.mid and u.isvalid = 1 and c.card  like '%01%' )  [ RunTime:0.0010s ]
NOTIC: [8] Array to string conversion D:\PHP-webapp\ThinkPHP\Application\Home\Controller\User\UserController.class.php 第 194 行.

[ 2017-04-26T15:54:21+08:00 ] 127.0.0.1 /ThinkPHP/index.php/Home/User/User/dosearch
INFO: [ app_init ] --START--
INFO: Run Behavior\BuildLiteBehavior [ RunTime:0.001000s ]
INFO: [ app_init ] --END-- [ RunTime:0.005001s ]
INFO: [ app_begin ] --START--
INFO: Run Behavior\ReadHtmlCacheBehavior [ RunTime:0.004001s ]
INFO: [ app_begin ] --END-- [ RunTime:0.007001s ]
SQL: SHOW COLUMNS FROM `pt_user` [ RunTime:0.0050s ]
SQL: SHOW COLUMNS FROM `pt_user` [ RunTime:0.0050s ]
SQL: SELECT u.*,c.card,m.name FROM pt_user u,pt_card c,pt_integral i,pt_member m WHERE ( u.uid = c.uid and u.uid = i.uid and m.mid = i.mid and u.isvalid = 1 and c.card  like '%01%' )  [ RunTime:0.0010s ]
NOTIC: [8] Array to string conversion D:\PHP-webapp\ThinkPHP\Application\Home\Controller\User\UserController.class.php 第 194 行.

[ 2017-04-26T15:57:00+08:00 ] 127.0.0.1 /ThinkPHP/index.php/Home/User/User/dosearch
INFO: [ app_init ] --START--
INFO: Run Behavior\BuildLiteBehavior [ RunTime:0.000000s ]
INFO: [ app_init ] --END-- [ RunTime:0.004000s ]
INFO: [ app_begin ] --START--
INFO: Run Behavior\ReadHtmlCacheBehavior [ RunTime:0.003000s ]
INFO: [ app_begin ] --END-- [ RunTime:0.003000s ]
SQL: SHOW COLUMNS FROM `pt_user` [ RunTime:0.0040s ]
SQL: SHOW COLUMNS FROM `pt_user` [ RunTime:0.0050s ]
SQL: SELECT u.*,c.card,m.name FROM pt_user u,pt_card c,pt_integral i,pt_member m WHERE ( u.uid = c.uid and u.uid = i.uid and m.mid = i.mid and u.isvalid = 1 and c.card  like '%01%' )  [ RunTime:0.0010s ]
NOTIC: [8] Array to string conversion D:\PHP-webapp\ThinkPHP\Application\Home\Controller\User\UserController.class.php 第 194 行.

[ 2017-04-26T15:59:37+08:00 ] 127.0.0.1 /ThinkPHP/index.php/Home/User/User/dosearch
INFO: [ app_init ] --START--
INFO: Run Behavior\BuildLiteBehavior [ RunTime:0.001000s ]
INFO: [ app_init ] --END-- [ RunTime:0.004000s ]
INFO: [ app_begin ] --START--
INFO: Run Behavior\ReadHtmlCacheBehavior [ RunTime:0.001000s ]
INFO: [ app_begin ] --END-- [ RunTime:0.003000s ]
SQL: SHOW COLUMNS FROM `pt_user` [ RunTime:0.0040s ]
SQL: SHOW COLUMNS FROM `pt_user` [ RunTime:0.0030s ]
INFO: [ app_end ] --START--
INFO: Run Behavior\ShowPageTraceBehavior [ RunTime:0.001000s ]
INFO: [ app_end ] --END-- [ RunTime:0.003000s ]

[ 2017-04-26T15:59:42+08:00 ] 127.0.0.1 /ThinkPHP/index.php/Home/User/User/dosearch
INFO: [ app_init ] --START--
INFO: Run Behavior\BuildLiteBehavior [ RunTime:0.000000s ]
INFO: [ app_init ] --END-- [ RunTime:0.003001s ]
INFO: [ app_begin ] --START--
INFO: Run Behavior\ReadHtmlCacheBehavior [ RunTime:0.002000s ]
INFO: [ app_begin ] --END-- [ RunTime:0.004000s ]
SQL: SHOW COLUMNS FROM `pt_user` [ RunTime:0.0030s ]
SQL: SHOW COLUMNS FROM `pt_user` [ RunTime:0.0050s ]
INFO: [ app_end ] --START--
INFO: Run Behavior\ShowPageTraceBehavior [ RunTime:0.002001s ]
INFO: [ app_end ] --END-- [ RunTime:0.005001s ]

[ 2017-04-26T15:59:53+08:00 ] 127.0.0.1 /ThinkPHP/index.php/Home/User/User/dosearch
INFO: [ app_init ] --START--
INFO: Run Behavior\BuildLiteBehavior [ RunTime:0.001000s ]
INFO: [ app_init ] --END-- [ RunTime:0.005000s ]
INFO: [ app_begin ] --START--
INFO: Run Behavior\ReadHtmlCacheBehavior [ RunTime:0.002001s ]
INFO: [ app_begin ] --END-- [ RunTime:0.005001s ]
SQL: SHOW COLUMNS FROM `pt_user` [ RunTime:0.0070s ]
SQL: SHOW COLUMNS FROM `pt_user` [ RunTime:0.0050s ]
INFO: [ app_end ] --START--
INFO: Run Behavior\ShowPageTraceBehavior [ RunTime:0.002000s ]
INFO: [ app_end ] --END-- [ RunTime:0.006000s ]

[ 2017-04-26T16:00:35+08:00 ] 127.0.0.1 /ThinkPHP/index.php/Home/User/User/dosearch
INFO: [ app_init ] --START--
INFO: Run Behavior\BuildLiteBehavior [ RunTime:0.001000s ]
INFO: [ app_init ] --END-- [ RunTime:0.003000s ]
INFO: [ app_begin ] --START--
INFO: Run Behavior\ReadHtmlCacheBehavior [ RunTime:0.002000s ]
INFO: [ app_begin ] --END-- [ RunTime:0.003000s ]
SQL: SHOW COLUMNS FROM `pt_user` [ RunTime:0.0030s ]
SQL: SHOW COLUMNS FROM `pt_user` [ RunTime:0.0050s ]
INFO: [ app_end ] --START--
INFO: Run Behavior\ShowPageTraceBehavior [ RunTime:0.001000s ]
INFO: [ app_end ] --END-- [ RunTime:0.003000s ]

[ 2017-04-26T16:00:43+08:00 ] 127.0.0.1 /ThinkPHP/index.php/Home/User/User/dosearch
INFO: [ app_init ] --START--
INFO: Run Behavior\BuildLiteBehavior [ RunTime:0.000000s ]
INFO: [ app_init ] --END-- [ RunTime:0.006000s ]
INFO: [ app_begin ] --START--
INFO: Run Behavior\ReadHtmlCacheBehavior [ RunTime:0.002000s ]
INFO: [ app_begin ] --END-- [ RunTime:0.004001s ]
SQL: SHOW COLUMNS FROM `pt_user` [ RunTime:0.0040s ]
SQL: SHOW COLUMNS FROM `pt_user` [ RunTime:0.0040s ]
INFO: [ app_end ] --START--
INFO: Run Behavior\ShowPageTraceBehavior [ RunTime:0.002000s ]
INFO: [ app_end ] --END-- [ RunTime:0.004000s ]

[ 2017-04-26T16:00:49+08:00 ] 127.0.0.1 /ThinkPHP/index.php/Home/User/User/dosearch
INFO: [ app_init ] --START--
INFO: Run Behavior\BuildLiteBehavior [ RunTime:0.001000s ]
INFO: [ app_init ] --END-- [ RunTime:0.003000s ]
INFO: [ app_begin ] --START--
INFO: Run Behavior\ReadHtmlCacheBehavior [ RunTime:0.002000s ]
INFO: [ app_begin ] --END-- [ RunTime:0.003000s ]
SQL: SHOW COLUMNS FROM `pt_user` [ RunTime:0.0030s ]
SQL: SHOW COLUMNS FROM `pt_user` [ RunTime:0.0040s ]
INFO: [ app_end ] --START--
INFO: Run Behavior\ShowPageTraceBehavior [ RunTime:0.002000s ]
INFO: [ app_end ] --END-- [ RunTime:0.005000s ]

[ 2017-04-26T16:05:37+08:00 ] 127.0.0.1 /ThinkPHP/index.php/Home/User/User/PT_loadtable
INFO: [ app_init ] --START--
INFO: Run Behavior\BuildLiteBehavior [ RunTime:0.001000s ]
INFO: [ app_init ] --END-- [ RunTime:0.005000s ]
INFO: [ app_begin ] --START--
INFO: Run Behavior\ReadHtmlCacheBehavior [ RunTime:0.002000s ]
INFO: [ app_begin ] --END-- [ RunTime:0.002000s ]
SQL: SHOW COLUMNS FROM `pt_user` [ RunTime:0.0040s ]
SQL: SHOW COLUMNS FROM `pt_user` [ RunTime:0.0050s ]
SQL: SELECT count(*) FROM pt_user u,pt_card c,pt_integral i,pt_member m WHERE ( u.uid = c.uid and u.uid = i.uid and m.mid = i.mid and u.isvalid = 1 ) LIMIT 1   [ RunTime:0.0010s ]
SQL: SHOW COLUMNS FROM `pt_user` [ RunTime:0.0040s ]
SQL: SELECT u.*,c.card,m.name FROM pt_user u,pt_card c,pt_integral i,pt_member m WHERE ( u.uid = c.uid and u.uid = i.uid and m.mid = i.mid and u.isvalid = 1 ) LIMIT 0,10   [ RunTime:0.0010s ]

[ 2017-04-26T16:05:42+08:00 ] 127.0.0.1 /ThinkPHP/index.php/Home/User/User/dosearch
INFO: [ app_init ] --START--
INFO: Run Behavior\BuildLiteBehavior [ RunTime:0.000000s ]
INFO: [ app_init ] --END-- [ RunTime:0.005000s ]
INFO: [ app_begin ] --START--
INFO: Run Behavior\ReadHtmlCacheBehavior [ RunTime:0.001000s ]
INFO: [ app_begin ] --END-- [ RunTime:0.003000s ]
SQL: SHOW COLUMNS FROM `pt_user` [ RunTime:0.0040s ]
SQL: SHOW COLUMNS FROM `pt_user` [ RunTime:0.0040s ]
SQL: SELECT count(*) FROM pt_user u,pt_card c,pt_integral i,pt_member m WHERE ( u.uid = c.uid and u.uid = i.uid and m.mid = i.mid and u.isvalid = 1 and c.card  like '%01%' ) LIMIT 1   [ RunTime:0.0030s ]
SQL: SHOW COLUMNS FROM `pt_user` [ RunTime:0.0040s ]
SQL: SELECT u.*,c.card,m.name FROM pt_user u,pt_card c,pt_integral i,pt_member m WHERE ( u.uid = c.uid and u.uid = i.uid and m.mid = i.mid and u.isvalid = 1 and c.card  like '%01%' ) LIMIT 0,10   [ RunTime:0.0010s ]

[ 2017-04-26T16:08:12+08:00 ] 127.0.0.1 /ThinkPHP/index.php/Home/User/User/select_usertable?pageNo=1&pageSize=10
INFO: [ app_init ] --START--
INFO: Run Behavior\BuildLiteBehavior [ RunTime:0.000000s ]
INFO: [ app_init ] --END-- [ RunTime:0.003000s ]
INFO: [ app_begin ] --START--
INFO: Run Behavior\ReadHtmlCacheBehavior [ RunTime:0.003000s ]
INFO: [ app_begin ] --END-- [ RunTime:0.005000s ]
SQL: SHOW COLUMNS FROM `pt_user` [ RunTime:0.0020s ]
SQL: SHOW COLUMNS FROM `pt_user` [ RunTime:0.0040s ]
SQL: SELECT count(*) FROM pt_user u,pt_card c,pt_integral i WHERE ( u.uid = c.uid and u.uid = i.uid and u.isvalid = 1  ) LIMIT 1   [ RunTime:0.0010s ]
SQL: SHOW COLUMNS FROM `pt_user` [ RunTime:0.0030s ]
SQL: SELECT u.username,md5(u.pass) as pass,u.address,u.telphone,u.e_mail,u.visa,c.card,c.money,i.integral FROM pt_user u,pt_card c,pt_integral i WHERE ( u.uid = c.uid and u.uid = i.uid and u.isvalid = 1  ) LIMIT 0,10   [ RunTime:0.0010s ]

[ 2017-04-26T16:10:50+08:00 ] 127.0.0.1 /ThinkPHP/index.php/Home/User/User/PT_loadtable
INFO: [ app_init ] --START--
INFO: Run Behavior\BuildLiteBehavior [ RunTime:0.001000s ]
INFO: [ app_init ] --END-- [ RunTime:0.006000s ]
INFO: [ app_begin ] --START--
INFO: Run Behavior\ReadHtmlCacheBehavior [ RunTime:0.002000s ]
INFO: [ app_begin ] --END-- [ RunTime:0.004000s ]
SQL: SHOW COLUMNS FROM `pt_user` [ RunTime:0.0050s ]
SQL: SHOW COLUMNS FROM `pt_user` [ RunTime:0.0030s ]
SQL: SELECT count(*) FROM pt_user u,pt_card c,pt_integral i,pt_member m WHERE ( u.uid = c.uid and u.uid = i.uid and m.mid = i.mid and u.isvalid = 1 ) LIMIT 1   [ RunTime:0.0010s ]
SQL: SHOW COLUMNS FROM `pt_user` [ RunTime:0.0030s ]
SQL: SELECT u.*,c.card,m.name FROM pt_user u,pt_card c,pt_integral i,pt_member m WHERE ( u.uid = c.uid and u.uid = i.uid and m.mid = i.mid and u.isvalid = 1 ) LIMIT 0,10   [ RunTime:0.0010s ]

[ 2017-04-26T16:10:53+08:00 ] 127.0.0.1 /ThinkPHP/index.php/Home/User/User/dosearch
INFO: [ app_init ] --START--
INFO: Run Behavior\BuildLiteBehavior [ RunTime:0.000000s ]
INFO: [ app_init ] --END-- [ RunTime:0.003000s ]
INFO: [ app_begin ] --START--
INFO: Run Behavior\ReadHtmlCacheBehavior [ RunTime:0.001000s ]
INFO: [ app_begin ] --END-- [ RunTime:0.003001s ]
SQL: SHOW COLUMNS FROM `pt_user` [ RunTime:0.0030s ]
SQL: SHOW COLUMNS FROM `pt_user` [ RunTime:0.0050s ]
SQL: SELECT count(*) FROM pt_user u,pt_card c,pt_integral i,pt_member m WHERE ( u.uid = c.uid and u.uid = i.uid and m.mid = i.mid and u.isvalid = 1 and c.card  like '%1%' ) LIMIT 1   [ RunTime:0.0010s ]
SQL: SHOW COLUMNS FROM `pt_user` [ RunTime:0.0040s ]
SQL: SELECT u.*,c.card,m.name FROM pt_user u,pt_card c,pt_integral i,pt_member m WHERE ( u.uid = c.uid and u.uid = i.uid and m.mid = i.mid and u.isvalid = 1 and c.card  like '%1%' ) LIMIT 0,10   [ RunTime:0.0010s ]

[ 2017-04-26T16:10:58+08:00 ] 127.0.0.1 /ThinkPHP/index.php/Home/User/User/dosearch
INFO: [ app_init ] --START--
INFO: Run Behavior\BuildLiteBehavior [ RunTime:0.001000s ]
INFO: [ app_init ] --END-- [ RunTime:0.003000s ]
INFO: [ app_begin ] --START--
INFO: Run Behavior\ReadHtmlCacheBehavior [ RunTime:0.001000s ]
INFO: [ app_begin ] --END-- [ RunTime:0.003000s ]
SQL: SHOW COLUMNS FROM `pt_user` [ RunTime:0.0020s ]
SQL: SHOW COLUMNS FROM `pt_user` [ RunTime:0.0030s ]
SQL: SELECT count(*) FROM pt_user u,pt_card c,pt_integral i,pt_member m WHERE ( u.uid = c.uid and u.uid = i.uid and m.mid = i.mid and u.isvalid = 1 and c.card  like '%001%' ) LIMIT 1   [ RunTime:0.0010s ]
SQL: SHOW COLUMNS FROM `pt_user` [ RunTime:0.0030s ]
SQL: SELECT u.*,c.card,m.name FROM pt_user u,pt_card c,pt_integral i,pt_member m WHERE ( u.uid = c.uid and u.uid = i.uid and m.mid = i.mid and u.isvalid = 1 and c.card  like '%001%' ) LIMIT 0,10   [ RunTime:0.0010s ]

[ 2017-04-26T16:11:25+08:00 ] 127.0.0.1 /ThinkPHP/index.php/Home/User/User/PT_loadtable?pageNo=1&pageSize=10
INFO: [ app_init ] --START--
INFO: Run Behavior\BuildLiteBehavior [ RunTime:0.000000s ]
INFO: [ app_init ] --END-- [ RunTime:0.003001s ]
INFO: [ app_begin ] --START--
INFO: Run Behavior\ReadHtmlCacheBehavior [ RunTime:0.002000s ]
INFO: [ app_begin ] --END-- [ RunTime:0.003000s ]
SQL: SHOW COLUMNS FROM `pt_user` [ RunTime:0.0030s ]
SQL: SHOW COLUMNS FROM `pt_user` [ RunTime:0.0030s ]
SQL: SELECT count(*) FROM pt_user u,pt_card c,pt_integral i,pt_member m WHERE ( u.uid = c.uid and u.uid = i.uid and m.mid = i.mid and u.isvalid = 1 ) LIMIT 1   [ RunTime:0.0010s ]
SQL: SHOW COLUMNS FROM `pt_user` [ RunTime:0.0040s ]
SQL: SELECT u.*,c.card,m.name FROM pt_user u,pt_card c,pt_integral i,pt_member m WHERE ( u.uid = c.uid and u.uid = i.uid and m.mid = i.mid and u.isvalid = 1 ) LIMIT 0,10   [ RunTime:0.0010s ]

[ 2017-04-26T16:17:40+08:00 ] 127.0.0.1 /ThinkPHP/index.php/Home/User/User/PT_loadtable?pageNo=1&pageSize=10
INFO: [ app_init ] --START--
INFO: Run Behavior\BuildLiteBehavior [ RunTime:0.000000s ]
INFO: [ app_init ] --END-- [ RunTime:0.003000s ]
INFO: [ app_begin ] --START--
INFO: Run Behavior\ReadHtmlCacheBehavior [ RunTime:0.002000s ]
INFO: [ app_begin ] --END-- [ RunTime:0.004000s ]
SQL: SHOW COLUMNS FROM `pt_user` [ RunTime:0.0040s ]
SQL: SHOW COLUMNS FROM `pt_user` [ RunTime:0.0040s ]
SQL: SELECT count(*) FROM pt_user u,pt_card c,pt_integral i,pt_member m WHERE ( u.uid = c.uid and u.uid = i.uid and m.mid = i.mid and u.isvalid = 1 ) LIMIT 1   [ RunTime:0.0010s ]
SQL: SHOW COLUMNS FROM `pt_user` [ RunTime:0.0030s ]
SQL: SELECT u.*,c.card,m.name FROM pt_user u,pt_card c,pt_integral i,pt_member m WHERE ( u.uid = c.uid and u.uid = i.uid and m.mid = i.mid and u.isvalid = 1 ) LIMIT 0,10   [ RunTime:0.0010s ]

[ 2017-04-26T16:17:48+08:00 ] 127.0.0.1 /ThinkPHP/index.php/Home/User/User/PT_loadtable?pageNo=1&pageSize=10
INFO: [ app_init ] --START--
INFO: Run Behavior\BuildLiteBehavior [ RunTime:0.000000s ]
INFO: [ app_init ] --END-- [ RunTime:0.005000s ]
INFO: [ app_begin ] --START--
INFO: Run Behavior\ReadHtmlCacheBehavior [ RunTime:0.002000s ]
INFO: [ app_begin ] --END-- [ RunTime:0.005000s ]
SQL: SHOW COLUMNS FROM `pt_user` [ RunTime:0.0030s ]
SQL: SHOW COLUMNS FROM `pt_user` [ RunTime:0.0050s ]
SQL: SELECT count(*) FROM pt_user u,pt_card c,pt_integral i,pt_member m WHERE ( u.uid = c.uid and u.uid = i.uid and m.mid = i.mid and u.isvalid = 1 ) LIMIT 1   [ RunTime:0.0010s ]
SQL: SHOW COLUMNS FROM `pt_user` [ RunTime:0.0050s ]
SQL: SELECT u.*,c.card,m.name FROM pt_user u,pt_card c,pt_integral i,pt_member m WHERE ( u.uid = c.uid and u.uid = i.uid and m.mid = i.mid and u.isvalid = 1 ) LIMIT 0,10   [ RunTime:0.0030s ]

[ 2017-04-26T16:18:03+08:00 ] 127.0.0.1 /ThinkPHP/index.php/Home/User/User/PT_loadtable?pageNo=1&pageSize=10
INFO: [ app_init ] --START--
INFO: Run Behavior\BuildLiteBehavior [ RunTime:0.000000s ]
INFO: [ app_init ] --END-- [ RunTime:0.004000s ]
INFO: [ app_begin ] --START--
INFO: Run Behavior\ReadHtmlCacheBehavior [ RunTime:0.001000s ]
INFO: [ app_begin ] --END-- [ RunTime:0.004000s ]
SQL: SHOW COLUMNS FROM `pt_user` [ RunTime:0.0030s ]
SQL: SHOW COLUMNS FROM `pt_user` [ RunTime:0.0030s ]
SQL: SELECT count(*) FROM pt_user u,pt_card c,pt_integral i,pt_member m WHERE ( u.uid = c.uid and u.uid = i.uid and m.mid = i.mid and u.isvalid = 1 ) LIMIT 1   [ RunTime:0.0010s ]
SQL: SHOW COLUMNS FROM `pt_user` [ RunTime:0.0050s ]
SQL: SELECT u.*,c.card,m.name FROM pt_user u,pt_card c,pt_integral i,pt_member m WHERE ( u.uid = c.uid and u.uid = i.uid and m.mid = i.mid and u.isvalid = 1 ) LIMIT 0,10   [ RunTime:0.0000s ]

[ 2017-04-26T16:21:40+08:00 ] 127.0.0.1 /ThinkPHP/index.php/Home/User/User/PT_loadtable
INFO: [ app_init ] --START--
INFO: Run Behavior\BuildLiteBehavior [ RunTime:0.000000s ]
INFO: [ app_init ] --END-- [ RunTime:0.004000s ]
INFO: [ app_begin ] --START--
INFO: Run Behavior\ReadHtmlCacheBehavior [ RunTime:0.003000s ]
INFO: [ app_begin ] --END-- [ RunTime:0.004000s ]
SQL: SHOW COLUMNS FROM `pt_user` [ RunTime:0.0040s ]
SQL: SHOW COLUMNS FROM `pt_user` [ RunTime:0.0040s ]
SQL: SELECT count(*) FROM pt_user u,pt_card c,pt_integral i,pt_member m WHERE ( u.uid = c.uid and u.uid = i.uid and m.mid = i.mid and u.isvalid = 1 ) LIMIT 1   [ RunTime:0.0010s ]
SQL: SHOW COLUMNS FROM `pt_user` [ RunTime:0.0030s ]
SQL: SELECT u.*,c.card,m.name FROM pt_user u,pt_card c,pt_integral i,pt_member m WHERE ( u.uid = c.uid and u.uid = i.uid and m.mid = i.mid and u.isvalid = 1 ) LIMIT 0,10   [ RunTime:0.0000s ]

[ 2017-04-26T16:21:45+08:00 ] 127.0.0.1 /ThinkPHP/index.php/Home/User/User/dosearch
INFO: [ app_init ] --START--
INFO: Run Behavior\BuildLiteBehavior [ RunTime:0.001000s ]
INFO: [ app_init ] --END-- [ RunTime:0.004000s ]
INFO: [ app_begin ] --START--
INFO: Run Behavior\ReadHtmlCacheBehavior [ RunTime:0.002000s ]
INFO: [ app_begin ] --END-- [ RunTime:0.003000s ]
SQL: SHOW COLUMNS FROM `pt_user` [ RunTime:0.0050s ]
SQL: SHOW COLUMNS FROM `pt_user` [ RunTime:0.0030s ]
SQL: SELECT count(*) FROM pt_user u,pt_card c,pt_integral i,pt_member m WHERE ( u.uid = c.uid and u.uid = i.uid and m.mid = i.mid and u.isvalid = 1 and c.card  like '%01%' ) LIMIT 1   [ RunTime:0.0010s ]
SQL: SHOW COLUMNS FROM `pt_user` [ RunTime:0.0030s ]
SQL: SELECT u.*,c.card,m.name FROM pt_user u,pt_card c,pt_integral i,pt_member m WHERE ( u.uid = c.uid and u.uid = i.uid and m.mid = i.mid and u.isvalid = 1 and c.card  like '%01%' ) LIMIT 0,10   [ RunTime:0.0010s ]

[ 2017-04-26T16:21:46+08:00 ] 127.0.0.1 /ThinkPHP/index.php/Home/User/User/PT_loadtable?pageNo=1&pageSize=10
INFO: [ app_init ] --START--
INFO: Run Behavior\BuildLiteBehavior [ RunTime:0.000000s ]
INFO: [ app_init ] --END-- [ RunTime:0.006000s ]
INFO: [ app_begin ] --START--
INFO: Run Behavior\ReadHtmlCacheBehavior [ RunTime:0.002000s ]
INFO: [ app_begin ] --END-- [ RunTime:0.004000s ]
SQL: SHOW COLUMNS FROM `pt_user` [ RunTime:0.0030s ]
SQL: SHOW COLUMNS FROM `pt_user` [ RunTime:0.0030s ]
SQL: SELECT count(*) FROM pt_user u,pt_card c,pt_integral i,pt_member m WHERE ( u.uid = c.uid and u.uid = i.uid and m.mid = i.mid and u.isvalid = 1 ) LIMIT 1   [ RunTime:0.0000s ]
SQL: SHOW COLUMNS FROM `pt_user` [ RunTime:0.0040s ]
SQL: SELECT u.*,c.card,m.name FROM pt_user u,pt_card c,pt_integral i,pt_member m WHERE ( u.uid = c.uid and u.uid = i.uid and m.mid = i.mid and u.isvalid = 1 ) LIMIT 0,10   [ RunTime:0.0010s ]

[ 2017-04-26T16:21:46+08:00 ] 127.0.0.1 /ThinkPHP/index.php/Home/User/User/PT_loadtable?pageNo=1&pageSize=10
INFO: [ app_init ] --START--
INFO: Run Behavior\BuildLiteBehavior [ RunTime:0.000000s ]
INFO: [ app_init ] --END-- [ RunTime:0.005000s ]
INFO: [ app_begin ] --START--
INFO: Run Behavior\ReadHtmlCacheBehavior [ RunTime:0.002000s ]
INFO: [ app_begin ] --END-- [ RunTime:0.006001s ]
SQL: SHOW COLUMNS FROM `pt_user` [ RunTime:0.0040s ]
SQL: SHOW COLUMNS FROM `pt_user` [ RunTime:0.0040s ]
SQL: SELECT count(*) FROM pt_user u,pt_card c,pt_integral i,pt_member m WHERE ( u.uid = c.uid and u.uid = i.uid and m.mid = i.mid and u.isvalid = 1 ) LIMIT 1   [ RunTime:0.0000s ]
SQL: SHOW COLUMNS FROM `pt_user` [ RunTime:0.0040s ]
SQL: SELECT u.*,c.card,m.name FROM pt_user u,pt_card c,pt_integral i,pt_member m WHERE ( u.uid = c.uid and u.uid = i.uid and m.mid = i.mid and u.isvalid = 1 ) LIMIT 0,10   [ RunTime:0.0010s ]

[ 2017-04-26T16:23:54+08:00 ] 127.0.0.1 /ThinkPHP/index.php/Home/User/User/PT_loadtable
INFO: [ app_init ] --START--
INFO: Run Behavior\BuildLiteBehavior [ RunTime:0.003000s ]
INFO: [ app_init ] --END-- [ RunTime:0.008000s ]
INFO: [ app_begin ] --START--
INFO: Run Behavior\ReadHtmlCacheBehavior [ RunTime:0.001000s ]
INFO: [ app_begin ] --END-- [ RunTime:0.003000s ]
SQL: SHOW COLUMNS FROM `pt_user` [ RunTime:0.0030s ]
SQL: SHOW COLUMNS FROM `pt_user` [ RunTime:0.0040s ]
SQL: SELECT count(*) FROM pt_user u,pt_card c,pt_integral i,pt_member m WHERE ( u.uid = c.uid and u.uid = i.uid and m.mid = i.mid and u.isvalid = 1 ) LIMIT 1   [ RunTime:0.0010s ]
SQL: SHOW COLUMNS FROM `pt_user` [ RunTime:0.0030s ]
SQL: SELECT u.*,c.card,m.name FROM pt_user u,pt_card c,pt_integral i,pt_member m WHERE ( u.uid = c.uid and u.uid = i.uid and m.mid = i.mid and u.isvalid = 1 ) LIMIT 0,10   [ RunTime:0.0010s ]

[ 2017-04-26T16:24:00+08:00 ] 127.0.0.1 /ThinkPHP/index.php/Home/User/User/dosearch
INFO: [ app_init ] --START--
INFO: Run Behavior\BuildLiteBehavior [ RunTime:0.000000s ]
INFO: [ app_init ] --END-- [ RunTime:0.003001s ]
INFO: [ app_begin ] --START--
INFO: Run Behavior\ReadHtmlCacheBehavior [ RunTime:0.002000s ]
INFO: [ app_begin ] --END-- [ RunTime:0.005001s ]
SQL: SHOW COLUMNS FROM `pt_user` [ RunTime:0.0040s ]
SQL: SHOW COLUMNS FROM `pt_user` [ RunTime:0.0040s ]
SQL: SELECT count(*) FROM pt_user u,pt_card c,pt_integral i,pt_member m WHERE ( u.uid = c.uid and u.uid = i.uid and m.mid = i.mid and u.isvalid = 1 and c.card  like '%01%' ) LIMIT 1   [ RunTime:0.0010s ]
SQL: SHOW COLUMNS FROM `pt_user` [ RunTime:0.0050s ]
SQL: SELECT u.*,c.card,m.name FROM pt_user u,pt_card c,pt_integral i,pt_member m WHERE ( u.uid = c.uid and u.uid = i.uid and m.mid = i.mid and u.isvalid = 1 and c.card  like '%01%' ) LIMIT 0,10   [ RunTime:0.0010s ]

[ 2017-04-26T16:24:02+08:00 ] 127.0.0.1 /ThinkPHP/index.php/Home/User/User/PT_loadtable?pageNo=1&pageSize=10
INFO: [ app_init ] --START--
INFO: Run Behavior\BuildLiteBehavior [ RunTime:0.001000s ]
INFO: [ app_init ] --END-- [ RunTime:0.006000s ]
INFO: [ app_begin ] --START--
INFO: Run Behavior\ReadHtmlCacheBehavior [ RunTime:0.002000s ]
INFO: [ app_begin ] --END-- [ RunTime:0.006000s ]
SQL: SHOW COLUMNS FROM `pt_user` [ RunTime:0.0050s ]
SQL: SHOW COLUMNS FROM `pt_user` [ RunTime:0.0040s ]
SQL: SELECT count(*) FROM pt_user u,pt_card c,pt_integral i,pt_member m WHERE ( u.uid = c.uid and u.uid = i.uid and m.mid = i.mid and u.isvalid = 1 ) LIMIT 1   [ RunTime:0.0000s ]
SQL: SHOW COLUMNS FROM `pt_user` [ RunTime:0.0050s ]
SQL: SELECT u.*,c.card,m.name FROM pt_user u,pt_card c,pt_integral i,pt_member m WHERE ( u.uid = c.uid and u.uid = i.uid and m.mid = i.mid and u.isvalid = 1 ) LIMIT 0,10   [ RunTime:0.0010s ]

[ 2017-04-26T16:24:02+08:00 ] 127.0.0.1 /ThinkPHP/index.php/Home/User/User/PT_loadtable?pageNo=1&pageSize=10
INFO: [ app_init ] --START--
INFO: Run Behavior\BuildLiteBehavior [ RunTime:0.000000s ]
INFO: [ app_init ] --END-- [ RunTime:0.004000s ]
INFO: [ app_begin ] --START--
INFO: Run Behavior\ReadHtmlCacheBehavior [ RunTime:0.001001s ]
INFO: [ app_begin ] --END-- [ RunTime:0.004001s ]
SQL: SHOW COLUMNS FROM `pt_user` [ RunTime:0.0040s ]
SQL: SHOW COLUMNS FROM `pt_user` [ RunTime:0.0030s ]
SQL: SELECT count(*) FROM pt_user u,pt_card c,pt_integral i,pt_member m WHERE ( u.uid = c.uid and u.uid = i.uid and m.mid = i.mid and u.isvalid = 1 ) LIMIT 1   [ RunTime:0.0010s ]
SQL: SHOW COLUMNS FROM `pt_user` [ RunTime:0.0040s ]
SQL: SELECT u.*,c.card,m.name FROM pt_user u,pt_card c,pt_integral i,pt_member m WHERE ( u.uid = c.uid and u.uid = i.uid and m.mid = i.mid and u.isvalid = 1 ) LIMIT 0,10   [ RunTime:0.0010s ]

[ 2017-04-26T16:26:44+08:00 ] 127.0.0.1 /ThinkPHP/index.php/Home/User/User/PT_loadtable
INFO: [ app_init ] --START--
INFO: Run Behavior\BuildLiteBehavior [ RunTime:0.000000s ]
INFO: [ app_init ] --END-- [ RunTime:0.003000s ]
INFO: [ app_begin ] --START--
INFO: Run Behavior\ReadHtmlCacheBehavior [ RunTime:0.002000s ]
INFO: [ app_begin ] --END-- [ RunTime:0.004000s ]
SQL: SHOW COLUMNS FROM `pt_user` [ RunTime:0.0030s ]
SQL: SHOW COLUMNS FROM `pt_user` [ RunTime:0.0030s ]
SQL: SELECT count(*) FROM pt_user u,pt_card c,pt_integral i,pt_member m WHERE ( u.uid = c.uid and u.uid = i.uid and m.mid = i.mid and u.isvalid = 1 ) LIMIT 1   [ RunTime:0.0010s ]
SQL: SHOW COLUMNS FROM `pt_user` [ RunTime:0.0050s ]
SQL: SELECT u.*,c.card,m.name FROM pt_user u,pt_card c,pt_integral i,pt_member m WHERE ( u.uid = c.uid and u.uid = i.uid and m.mid = i.mid and u.isvalid = 1 ) LIMIT 0,10   [ RunTime:0.0010s ]

[ 2017-04-26T16:32:25+08:00 ] 127.0.0.1 /ThinkPHP/index.php/Home/User/User/PT_loadtable
INFO: [ app_init ] --START--
INFO: Run Behavior\BuildLiteBehavior [ RunTime:0.000000s ]
INFO: [ app_init ] --END-- [ RunTime:0.003000s ]
INFO: [ app_begin ] --START--
INFO: Run Behavior\ReadHtmlCacheBehavior [ RunTime:0.002000s ]
INFO: [ app_begin ] --END-- [ RunTime:0.004000s ]
SQL: SHOW COLUMNS FROM `pt_user` [ RunTime:0.0030s ]
SQL: SHOW COLUMNS FROM `pt_user` [ RunTime:0.0030s ]
SQL: SELECT count(*) FROM pt_user u,pt_card c,pt_integral i,pt_member m WHERE ( u.uid = c.uid and u.uid = i.uid and m.mid = i.mid and u.isvalid = 1 ) LIMIT 1   [ RunTime:0.0010s ]
SQL: SHOW COLUMNS FROM `pt_user` [ RunTime:0.0030s ]
SQL: SELECT u.*,c.card,m.name FROM pt_user u,pt_card c,pt_integral i,pt_member m WHERE ( u.uid = c.uid and u.uid = i.uid and m.mid = i.mid and u.isvalid = 1 ) LIMIT 0,10   [ RunTime:0.0010s ]

[ 2017-04-26T17:29:56+08:00 ] 127.0.0.1 /ThinkPHP/index.php?c=User&a=search&pageNo=1&pageSize=10
INFO: [ app_init ] --START--
INFO: Run Behavior\BuildLiteBehavior [ RunTime:0.000000s ]
INFO: [ app_init ] --END-- [ RunTime:0.003000s ]
INFO: [ app_begin ] --START--
INFO: Run Behavior\ReadHtmlCacheBehavior [ RunTime:0.002000s ]
INFO: [ app_begin ] --END-- [ RunTime:0.003000s ]
ERR: 无法加载控制器:User

[ 2017-04-26T17:33:09+08:00 ] 127.0.0.1 /ThinkPHP/index.php/Home/User/User/PT_loadtable
INFO: [ app_init ] --START--
INFO: Run Behavior\BuildLiteBehavior [ RunTime:0.000000s ]
INFO: [ app_init ] --END-- [ RunTime:0.003000s ]
INFO: [ app_begin ] --START--
INFO: Run Behavior\ReadHtmlCacheBehavior [ RunTime:0.001000s ]
INFO: [ app_begin ] --END-- [ RunTime:0.004000s ]
SQL: SHOW COLUMNS FROM `pt_user` [ RunTime:0.0030s ]
SQL: SHOW COLUMNS FROM `pt_user` [ RunTime:0.0030s ]
SQL: SELECT count(*) FROM pt_user u,pt_card c,pt_integral i,pt_member m WHERE ( u.uid = c.uid and u.uid = i.uid and m.mid = i.mid and u.isvalid = 1 ) LIMIT 1   [ RunTime:0.0010s ]
SQL: SHOW COLUMNS FROM `pt_user` [ RunTime:0.0030s ]
SQL: SELECT u.*,c.card,m.name FROM pt_user u,pt_card c,pt_integral i,pt_member m WHERE ( u.uid = c.uid and u.uid = i.uid and m.mid = i.mid and u.isvalid = 1 ) LIMIT 0,10   [ RunTime:0.0010s ]

[ 2017-04-26T17:33:15+08:00 ] 127.0.0.1 /ThinkPHP/index.php/Home/User/User/search
INFO: [ app_init ] --START--
INFO: Run Behavior\BuildLiteBehavior [ RunTime:0.000000s ]
INFO: [ app_init ] --END-- [ RunTime:0.004000s ]
INFO: [ app_begin ] --START--
INFO: Run Behavior\ReadHtmlCacheBehavior [ RunTime:0.002000s ]
INFO: [ app_begin ] --END-- [ RunTime:0.002000s ]
SQL: SHOW COLUMNS FROM `pt_user` [ RunTime:0.0040s ]
ERR: 参数错误或者未定义:telphone

[ 2017-04-26T17:33:22+08:00 ] 127.0.0.1 /ThinkPHP/index.php/Home/User/User/search
INFO: [ app_init ] --START--
INFO: Run Behavior\BuildLiteBehavior [ RunTime:0.000000s ]
INFO: [ app_init ] --END-- [ RunTime:0.002000s ]
INFO: [ app_begin ] --START--
INFO: Run Behavior\ReadHtmlCacheBehavior [ RunTime:0.001000s ]
INFO: [ app_begin ] --END-- [ RunTime:0.003000s ]
SQL: SHOW COLUMNS FROM `pt_user` [ RunTime:0.0030s ]
ERR: 参数错误或者未定义:telphone

[ 2017-04-26T17:33:54+08:00 ] 127.0.0.1 /ThinkPHP/index.php/Home/User/User/search
INFO: [ app_init ] --START--
INFO: Run Behavior\BuildLiteBehavior [ RunTime:0.001000s ]
INFO: [ app_init ] --END-- [ RunTime:0.003000s ]
INFO: [ app_begin ] --START--
INFO: Run Behavior\ReadHtmlCacheBehavior [ RunTime:0.001000s ]
INFO: [ app_begin ] --END-- [ RunTime:0.003000s ]
SQL: SHOW COLUMNS FROM `pt_user` [ RunTime:0.0040s ]
ERR: 参数错误或者未定义:telphone

[ 2017-04-26T17:34:03+08:00 ] 127.0.0.1 /ThinkPHP/index.php/Home/User/User/PT_loadtable
INFO: [ app_init ] --START--
INFO: Run Behavior\BuildLiteBehavior [ RunTime:0.001000s ]
INFO: [ app_init ] --END-- [ RunTime:0.004000s ]
INFO: [ app_begin ] --START--
INFO: Run Behavior\ReadHtmlCacheBehavior [ RunTime:0.002000s ]
INFO: [ app_begin ] --END-- [ RunTime:0.003000s ]
SQL: SHOW COLUMNS FROM `pt_user` [ RunTime:0.0040s ]
SQL: SHOW COLUMNS FROM `pt_user` [ RunTime:0.0030s ]
SQL: SELECT count(*) FROM pt_user u,pt_card c,pt_integral i,pt_member m WHERE ( u.uid = c.uid and u.uid = i.uid and m.mid = i.mid and u.isvalid = 1 ) LIMIT 1   [ RunTime:0.0000s ]
SQL: SHOW COLUMNS FROM `pt_user` [ RunTime:0.0030s ]
SQL: SELECT u.*,c.card,m.name FROM pt_user u,pt_card c,pt_integral i,pt_member m WHERE ( u.uid = c.uid and u.uid = i.uid and m.mid = i.mid and u.isvalid = 1 ) LIMIT 0,10   [ RunTime:0.0000s ]

[ 2017-04-26T17:34:06+08:00 ] 127.0.0.1 /ThinkPHP/index.php/Home/User/User/search
INFO: [ app_init ] --START--
INFO: Run Behavior\BuildLiteBehavior [ RunTime:0.000000s ]
INFO: [ app_init ] --END-- [ RunTime:0.003000s ]
INFO: [ app_begin ] --START--
INFO: Run Behavior\ReadHtmlCacheBehavior [ RunTime:0.001000s ]
INFO: [ app_begin ] --END-- [ RunTime:0.003000s ]
SQL: SHOW COLUMNS FROM `pt_user` [ RunTime:0.0030s ]
SQL: SHOW COLUMNS FROM `pt_user` [ RunTime:0.0030s ]
SQL: SELECT count(*) FROM pt_user u,pt_card c,pt_integral i,pt_member m WHERE ( u.uid = c.uid and u.uid = i.uid and m.mid = i.mid and u.isvalid = 1 and u.truename  like '%co%' ) LIMIT 1   [ RunTime:0.0020s ]
SQL: SHOW COLUMNS FROM `pt_user` [ RunTime:0.0030s ]
SQL: SELECT u.*,c.card,m.name FROM pt_user u,pt_card c,pt_integral i,pt_member m WHERE ( u.uid = c.uid and u.uid = i.uid and m.mid = i.mid and u.isvalid = 1 and u.truename  like '%co%' ) LIMIT 0,10   [ RunTime:0.0020s ]

[ 2017-04-26T17:34:11+08:00 ] 127.0.0.1 /ThinkPHP/index.php/Home/User/User/PT_loadtable?pageNo=1&pageSize=10
INFO: [ app_init ] --START--
INFO: Run Behavior\BuildLiteBehavior [ RunTime:0.000000s ]
INFO: [ app_init ] --END-- [ RunTime:0.002000s ]
INFO: [ app_begin ] --START--
INFO: Run Behavior\ReadHtmlCacheBehavior [ RunTime:0.002000s ]
INFO: [ app_begin ] --END-- [ RunTime:0.003000s ]
SQL: SHOW COLUMNS FROM `pt_user` [ RunTime:0.0040s ]
SQL: SHOW COLUMNS FROM `pt_user` [ RunTime:0.0030s ]
SQL: SELECT count(*) FROM pt_user u,pt_card c,pt_integral i,pt_member m WHERE ( u.uid = c.uid and u.uid = i.uid and m.mid = i.mid and u.isvalid = 1 ) LIMIT 1   [ RunTime:0.0010s ]
SQL: SHOW COLUMNS FROM `pt_user` [ RunTime:0.0030s ]
SQL: SELECT u.*,c.card,m.name FROM pt_user u,pt_card c,pt_integral i,pt_member m WHERE ( u.uid = c.uid and u.uid = i.uid and m.mid = i.mid and u.isvalid = 1 ) LIMIT 0,10   [ RunTime:0.0010s ]

[ 2017-04-26T17:34:11+08:00 ] 127.0.0.1 /ThinkPHP/index.php/Home/User/User/PT_loadtable?pageNo=1&pageSize=10
INFO: [ app_init ] --START--
INFO: Run Behavior\BuildLiteBehavior [ RunTime:0.001000s ]
INFO: [ app_init ] --END-- [ RunTime:0.006000s ]
INFO: [ app_begin ] --START--
INFO: Run Behavior\ReadHtmlCacheBehavior [ RunTime:0.002001s ]
INFO: [ app_begin ] --END-- [ RunTime:0.004001s ]
SQL: SHOW COLUMNS FROM `pt_user` [ RunTime:0.0030s ]
SQL: SHOW COLUMNS FROM `pt_user` [ RunTime:0.0040s ]
SQL: SELECT count(*) FROM pt_user u,pt_card c,pt_integral i,pt_member m WHERE ( u.uid = c.uid and u.uid = i.uid and m.mid = i.mid and u.isvalid = 1 ) LIMIT 1   [ RunTime:0.0010s ]
SQL: SHOW COLUMNS FROM `pt_user` [ RunTime:0.0030s ]
SQL: SELECT u.*,c.card,m.name FROM pt_user u,pt_card c,pt_integral i,pt_member m WHERE ( u.uid = c.uid and u.uid = i.uid and m.mid = i.mid and u.isvalid = 1 ) LIMIT 0,10   [ RunTime:0.0010s ]

[ 2017-04-26T17:34:21+08:00 ] 127.0.0.1 /ThinkPHP/index.php/Home/User/User/search
INFO: [ app_init ] --START--
INFO: Run Behavior\BuildLiteBehavior [ RunTime:0.000000s ]
INFO: [ app_init ] --END-- [ RunTime:0.003000s ]
INFO: [ app_begin ] --START--
INFO: Run Behavior\ReadHtmlCacheBehavior [ RunTime:0.001000s ]
INFO: [ app_begin ] --END-- [ RunTime:0.003000s ]
SQL: SHOW COLUMNS FROM `pt_user` [ RunTime:0.0030s ]
SQL: SHOW COLUMNS FROM `pt_user` [ RunTime:0.0030s ]
SQL: SELECT count(*) FROM pt_user u,pt_card c,pt_integral i,pt_member m WHERE ( u.uid = c.uid and u.uid = i.uid and m.mid = i.mid and u.isvalid = 1 and u.username  like '%185%' ) LIMIT 1   [ RunTime:0.0050s ]
SQL: SHOW COLUMNS FROM `pt_user` [ RunTime:0.0030s ]
SQL: SELECT u.*,c.card,m.name FROM pt_user u,pt_card c,pt_integral i,pt_member m WHERE ( u.uid = c.uid and u.uid = i.uid and m.mid = i.mid and u.isvalid = 1 and u.username  like '%185%' ) LIMIT 0,10   [ RunTime:0.0030s ]

[ 2017-04-26T17:36:14+08:00 ] 127.0.0.1 /ThinkPHP/index.php/Home/User/User/PT_loadtable?pageNo=1&pageSize=10
INFO: [ app_init ] --START--
INFO: Run Behavior\BuildLiteBehavior [ RunTime:0.000000s ]
INFO: [ app_init ] --END-- [ RunTime:0.004000s ]
INFO: [ app_begin ] --START--
INFO: Run Behavior\ReadHtmlCacheBehavior [ RunTime:0.002001s ]
INFO: [ app_begin ] --END-- [ RunTime:0.004001s ]
SQL: SHOW COLUMNS FROM `pt_user` [ RunTime:0.0040s ]
SQL: SHOW COLUMNS FROM `pt_user` [ RunTime:0.0030s ]
SQL: SELECT count(*) FROM pt_user u,pt_card c,pt_integral i,pt_member m WHERE ( u.uid = c.uid and u.uid = i.uid and m.mid = i.mid and u.isvalid = 1 ) LIMIT 1   [ RunTime:0.0010s ]
SQL: SHOW COLUMNS FROM `pt_user` [ RunTime:0.0030s ]
SQL: SELECT u.*,c.card,m.name FROM pt_user u,pt_card c,pt_integral i,pt_member m WHERE ( u.uid = c.uid and u.uid = i.uid and m.mid = i.mid and u.isvalid = 1 ) LIMIT 0,10   [ RunTime:0.0010s ]

[ 2017-04-26T17:36:14+08:00 ] 127.0.0.1 /ThinkPHP/index.php/Home/User/User/PT_loadtable?pageNo=1&pageSize=10
INFO: [ app_init ] --START--
INFO: Run Behavior\BuildLiteBehavior [ RunTime:0.001000s ]
INFO: [ app_init ] --END-- [ RunTime:0.005000s ]
INFO: [ app_begin ] --START--
INFO: Run Behavior\ReadHtmlCacheBehavior [ RunTime:0.002000s ]
INFO: [ app_begin ] --END-- [ RunTime:0.003000s ]
SQL: SHOW COLUMNS FROM `pt_user` [ RunTime:0.0040s ]
SQL: SHOW COLUMNS FROM `pt_user` [ RunTime:0.0030s ]
SQL: SELECT count(*) FROM pt_user u,pt_card c,pt_integral i,pt_member m WHERE ( u.uid = c.uid and u.uid = i.uid and m.mid = i.mid and u.isvalid = 1 ) LIMIT 1   [ RunTime:0.0010s ]
SQL: SHOW COLUMNS FROM `pt_user` [ RunTime:0.0040s ]
SQL: SELECT u.*,c.card,m.name FROM pt_user u,pt_card c,pt_integral i,pt_member m WHERE ( u.uid = c.uid and u.uid = i.uid and m.mid = i.mid and u.isvalid = 1 ) LIMIT 0,10   [ RunTime:0.0010s ]

[ 2017-04-26T18:13:31+08:00 ] 127.0.0.1 /ThinkPHP/index.php/Home/User/User/PT_loadtable
INFO: [ app_init ] --START--
INFO: Run Behavior\BuildLiteBehavior [ RunTime:0.000000s ]
INFO: [ app_init ] --END-- [ RunTime:0.003000s ]
INFO: [ app_begin ] --START--
INFO: Run Behavior\ReadHtmlCacheBehavior [ RunTime:0.002000s ]
INFO: [ app_begin ] --END-- [ RunTime:0.003000s ]
SQL: SHOW COLUMNS FROM `pt_user` [ RunTime:0.0040s ]
SQL: SHOW COLUMNS FROM `pt_user` [ RunTime:0.0040s ]
SQL: SELECT count(*) FROM pt_user u,pt_card c,pt_integral i,pt_member m WHERE ( u.uid = c.uid and u.uid = i.uid and m.mid = i.mid and u.isvalid = 1 ) LIMIT 1   [ RunTime:0.0010s ]
SQL: SHOW COLUMNS FROM `pt_user` [ RunTime:0.0030s ]
SQL: SELECT u.*,c.card,m.name FROM pt_user u,pt_card c,pt_integral i,pt_member m WHERE ( u.uid = c.uid and u.uid = i.uid and m.mid = i.mid and u.isvalid = 1 ) LIMIT 0,10   [ RunTime:0.0010s ]

[ 2017-04-26T18:13:39+08:00 ] 127.0.0.1 /ThinkPHP/index.php?/Home/User/User/deleteusers
INFO: [ app_init ] --START--
INFO: Run Behavior\BuildLiteBehavior [ RunTime:0.000000s ]
INFO: [ app_init ] --END-- [ RunTime:0.003001s ]
INFO: [ app_begin ] --START--
INFO: Run Behavior\ReadHtmlCacheBehavior [ RunTime:0.002000s ]
INFO: [ app_begin ] --END-- [ RunTime:0.003000s ]
ERR: 无法加载控制器:Index

[ 2017-04-26T18:13:54+08:00 ] 127.0.0.1 /ThinkPHP/index.php?/Home/User/User/deleteusers
INFO: [ app_init ] --START--
INFO: Run Behavior\BuildLiteBehavior [ RunTime:0.000000s ]
INFO: [ app_init ] --END-- [ RunTime:0.003000s ]
INFO: [ app_begin ] --START--
INFO: Run Behavior\ReadHtmlCacheBehavior [ RunTime:0.002000s ]
INFO: [ app_begin ] --END-- [ RunTime:0.003000s ]
ERR: 无法加载控制器:Index

[ 2017-04-26T18:14:31+08:00 ] 127.0.0.1 /ThinkPHP/index.php?/Home/User/User/deleteusers
INFO: [ app_init ] --START--
INFO: Run Behavior\BuildLiteBehavior [ RunTime:0.000000s ]
INFO: [ app_init ] --END-- [ RunTime:0.002000s ]
INFO: [ app_begin ] --START--
INFO: Run Behavior\ReadHtmlCacheBehavior [ RunTime:0.002000s ]
INFO: [ app_begin ] --END-- [ RunTime:0.006000s ]
ERR: 无法加载控制器:Index

[ 2017-04-26T18:14:33+08:00 ] 127.0.0.1 /ThinkPHP/index.php/Home/User/User/PT_loadtable
INFO: [ app_init ] --START--
INFO: Run Behavior\BuildLiteBehavior [ RunTime:0.000000s ]
INFO: [ app_init ] --END-- [ RunTime:0.004000s ]
INFO: [ app_begin ] --START--
INFO: Run Behavior\ReadHtmlCacheBehavior [ RunTime:0.001000s ]
INFO: [ app_begin ] --END-- [ RunTime:0.003000s ]
SQL: SHOW COLUMNS FROM `pt_user` [ RunTime:0.0030s ]
SQL: SHOW COLUMNS FROM `pt_user` [ RunTime:0.0040s ]
SQL: SELECT count(*) FROM pt_user u,pt_card c,pt_integral i,pt_member m WHERE ( u.uid = c.uid and u.uid = i.uid and m.mid = i.mid and u.isvalid = 1 ) LIMIT 1   [ RunTime:0.0040s ]
SQL: SHOW COLUMNS FROM `pt_user` [ RunTime:0.0060s ]
SQL: SELECT u.*,c.card,m.name FROM pt_user u,pt_card c,pt_integral i,pt_member m WHERE ( u.uid = c.uid and u.uid = i.uid and m.mid = i.mid and u.isvalid = 1 ) LIMIT 0,10   [ RunTime:0.0010s ]

[ 2017-04-26T18:14:39+08:00 ] 127.0.0.1 /ThinkPHP/index.php?/Home/User/User/deleteusers
INFO: [ app_init ] --START--
INFO: Run Behavior\BuildLiteBehavior [ RunTime:0.001001s ]
INFO: [ app_init ] --END-- [ RunTime:0.003001s ]
INFO: [ app_begin ] --START--
INFO: Run Behavior\ReadHtmlCacheBehavior [ RunTime:0.002000s ]
INFO: [ app_begin ] --END-- [ RunTime:0.003000s ]
ERR: 无法加载控制器:Index

[ 2017-04-26T18:15:26+08:00 ] 127.0.0.1 /ThinkPHP/index.php?/Home/User/User/deleteusers
INFO: [ app_init ] --START--
INFO: Run Behavior\BuildLiteBehavior [ RunTime:0.000000s ]
INFO: [ app_init ] --END-- [ RunTime:0.003000s ]
INFO: [ app_begin ] --START--
INFO: Run Behavior\ReadHtmlCacheBehavior [ RunTime:0.001001s ]
INFO: [ app_begin ] --END-- [ RunTime:0.003001s ]
ERR: 无法加载控制器:Index

[ 2017-04-26T18:15:54+08:00 ] 127.0.0.1 /ThinkPHP/index.php?/Home/User/User/deleteusers
INFO: [ app_init ] --START--
INFO: Run Behavior\BuildLiteBehavior [ RunTime:0.000000s ]
INFO: [ app_init ] --END-- [ RunTime:0.003000s ]
INFO: [ app_begin ] --START--
INFO: Run Behavior\ReadHtmlCacheBehavior [ RunTime:0.002000s ]
INFO: [ app_begin ] --END-- [ RunTime:0.004000s ]
ERR: 无法加载控制器:Index

[ 2017-04-26T18:15:56+08:00 ] 127.0.0.1 /ThinkPHP/index.php/Home/User/User/PT_loadtable
INFO: [ app_init ] --START--
INFO: Run Behavior\BuildLiteBehavior [ RunTime:0.000000s ]
INFO: [ app_init ] --END-- [ RunTime:0.003000s ]
INFO: [ app_begin ] --START--
INFO: Run Behavior\ReadHtmlCacheBehavior [ RunTime:0.001000s ]
INFO: [ app_begin ] --END-- [ RunTime:0.003000s ]
SQL: SHOW COLUMNS FROM `pt_user` [ RunTime:0.0030s ]
SQL: SHOW COLUMNS FROM `pt_user` [ RunTime:0.0030s ]
SQL: SELECT count(*) FROM pt_user u,pt_card c,pt_integral i,pt_member m WHERE ( u.uid = c.uid and u.uid = i.uid and m.mid = i.mid and u.isvalid = 1 ) LIMIT 1   [ RunTime:0.0000s ]
SQL: SHOW COLUMNS FROM `pt_user` [ RunTime:0.0030s ]
SQL: SELECT u.*,c.card,m.name FROM pt_user u,pt_card c,pt_integral i,pt_member m WHERE ( u.uid = c.uid and u.uid = i.uid and m.mid = i.mid and u.isvalid = 1 ) LIMIT 0,10   [ RunTime:0.0010s ]

[ 2017-04-26T18:16:01+08:00 ] 127.0.0.1 /ThinkPHP/index.php/Home/User/User/deleteusers
INFO: [ app_init ] --START--
INFO: Run Behavior\BuildLiteBehavior [ RunTime:0.000000s ]
INFO: [ app_init ] --END-- [ RunTime:0.003000s ]
INFO: [ app_begin ] --START--
INFO: Run Behavior\ReadHtmlCacheBehavior [ RunTime:0.002000s ]
INFO: [ app_begin ] --END-- [ RunTime:0.005001s ]
SQL: SHOW COLUMNS FROM `pt_user` [ RunTime:0.0030s ]
NOTIC: [8] Undefined index: validate D:\PHP-webapp\ThinkPHP\ThinkPHP\Library\Think\Model.class.php 第 1185 行.
NOTIC: [8] Undefined index: auto D:\PHP-webapp\ThinkPHP\ThinkPHP\Library\Think\Model.class.php 第 1128 行.
INFO: [ app_end ] --START--
INFO: Run Behavior\ShowPageTraceBehavior [ RunTime:0.001000s ]
INFO: [ app_end ] --END-- [ RunTime:0.003000s ]

[ 2017-04-26T18:17:49+08:00 ] 127.0.0.1 /ThinkPHP/index.php/Home/User/User/deleteusers
INFO: [ app_init ] --START--
INFO: Run Behavior\BuildLiteBehavior [ RunTime:0.000000s ]
INFO: [ app_init ] --END-- [ RunTime:0.003000s ]
INFO: [ app_begin ] --START--
INFO: Run Behavior\ReadHtmlCacheBehavior [ RunTime:0.001000s ]
INFO: [ app_begin ] --END-- [ RunTime:0.003000s ]
SQL: SHOW COLUMNS FROM `pt_user` [ RunTime:0.0030s ]
NOTIC: [8] Undefined index: validate D:\PHP-webapp\ThinkPHP\ThinkPHP\Library\Think\Model.class.php 第 1185 行.
NOTIC: [8] Undefined index: auto D:\PHP-webapp\ThinkPHP\ThinkPHP\Library\Think\Model.class.php 第 1128 行.
INFO: [ app_end ] --START--
INFO: Run Behavior\ShowPageTraceBehavior [ RunTime:0.001000s ]
INFO: [ app_end ] --END-- [ RunTime:0.003000s ]

[ 2017-04-26T18:19:16+08:00 ] 127.0.0.1 /ThinkPHP/index.php/Home/User/User/deleteusers
INFO: [ app_init ] --START--
INFO: Run Behavior\BuildLiteBehavior [ RunTime:0.000000s ]
INFO: [ app_init ] --END-- [ RunTime:0.003000s ]
INFO: [ app_begin ] --START--
INFO: Run Behavior\ReadHtmlCacheBehavior [ RunTime:0.002000s ]
INFO: [ app_begin ] --END-- [ RunTime:0.003000s ]
SQL: SHOW COLUMNS FROM `pt_user` [ RunTime:0.0040s ]
NOTIC: [8] Undefined index: validate D:\PHP-webapp\ThinkPHP\ThinkPHP\Library\Think\Model.class.php 第 1185 行.
NOTIC: [8] Undefined index: auto D:\PHP-webapp\ThinkPHP\ThinkPHP\Library\Think\Model.class.php 第 1128 行.
INFO: [ app_end ] --START--
INFO: Run Behavior\ShowPageTraceBehavior [ RunTime:0.002000s ]
INFO: [ app_end ] --END-- [ RunTime:0.004000s ]

[ 2017-04-26T18:21:02+08:00 ] 127.0.0.1 /ThinkPHP/index.php/Home/User/User/deleteusers
INFO: [ app_init ] --START--
INFO: Run Behavior\BuildLiteBehavior [ RunTime:0.001000s ]
INFO: [ app_init ] --END-- [ RunTime:0.006000s ]
INFO: [ app_begin ] --START--
INFO: Run Behavior\ReadHtmlCacheBehavior [ RunTime:0.002000s ]
INFO: [ app_begin ] --END-- [ RunTime:0.004000s ]
SQL: SHOW COLUMNS FROM `pt_user` [ RunTime:0.0040s ]
NOTIC: [8] Undefined index: validate D:\PHP-webapp\ThinkPHP\ThinkPHP\Library\Think\Model.class.php 第 1185 行.
NOTIC: [8] Undefined index: auto D:\PHP-webapp\ThinkPHP\ThinkPHP\Library\Think\Model.class.php 第 1128 行.
SQL: UPDATE `pt_user` SET `isvalid`='0' WHERE ( uid in (1) ) [ RunTime:0.0070s ]
SQL: SHOW COLUMNS FROM `pt_user` [ RunTime:0.0030s ]
SQL: SELECT count(*) FROM pt_user u,pt_card c,pt_integral i,pt_member m WHERE ( u.uid = c.uid and u.uid = i.uid and m.mid = i.mid and u.isvalid = 1 ) LIMIT 1   [ RunTime:0.0020s ]
SQL: SHOW COLUMNS FROM `pt_user` [ RunTime:0.0030s ]
SQL: SELECT u.*,c.card,m.name FROM pt_user u,pt_card c,pt_integral i,pt_member m WHERE ( u.uid = c.uid and u.uid = i.uid and m.mid = i.mid and u.isvalid = 1 ) LIMIT 0,10   [ RunTime:0.0010s ]

[ 2017-04-26T18:36:37+08:00 ] 127.0.0.1 /ThinkPHP/index.php/Home/User/User/PT_loadtable?pageNo=1&pageSize=10
INFO: [ app_init ] --START--
INFO: Run Behavior\BuildLiteBehavior [ RunTime:0.001000s ]
INFO: [ app_init ] --END-- [ RunTime:0.003000s ]
INFO: [ app_begin ] --START--
INFO: Run Behavior\ReadHtmlCacheBehavior [ RunTime:0.002000s ]
INFO: [ app_begin ] --END-- [ RunTime:0.004000s ]
SQL: SHOW COLUMNS FROM `pt_user` [ RunTime:0.0030s ]
SQL: SHOW COLUMNS FROM `pt_user` [ RunTime:0.0050s ]
SQL: SELECT count(*) FROM pt_user u,pt_card c,pt_integral i,pt_member m WHERE ( u.uid = c.uid and u.uid = i.uid and m.mid = i.mid and u.isvalid = 1 ) LIMIT 1   [ RunTime:0.0060s ]
SQL: SHOW COLUMNS FROM `pt_user` [ RunTime:0.0030s ]
SQL: SELECT u.*,c.card,m.name FROM pt_user u,pt_card c,pt_integral i,pt_member m WHERE ( u.uid = c.uid and u.uid = i.uid and m.mid = i.mid and u.isvalid = 1 ) LIMIT 0,10   [ RunTime:0.0050s ]

[ 2017-04-26T18:36:37+08:00 ] 127.0.0.1 /ThinkPHP/index.php/Home/User/User/PT_loadtable?pageNo=1&pageSize=10
INFO: [ app_init ] --START--
INFO: Run Behavior\BuildLiteBehavior [ RunTime:0.000000s ]
INFO: [ app_init ] --END-- [ RunTime:0.006000s ]
INFO: [ app_begin ] --START--
INFO: Run Behavior\ReadHtmlCacheBehavior [ RunTime:0.001000s ]
INFO: [ app_begin ] --END-- [ RunTime:0.003000s ]
SQL: SHOW COLUMNS FROM `pt_user` [ RunTime:0.0050s ]
SQL: SHOW COLUMNS FROM `pt_user` [ RunTime:0.0040s ]
SQL: SELECT count(*) FROM pt_user u,pt_card c,pt_integral i,pt_member m WHERE ( u.uid = c.uid and u.uid = i.uid and m.mid = i.mid and u.isvalid = 1 ) LIMIT 1   [ RunTime:0.0010s ]
SQL: SHOW COLUMNS FROM `pt_user` [ RunTime:0.0050s ]
SQL: SELECT u.*,c.card,m.name FROM pt_user u,pt_card c,pt_integral i,pt_member m WHERE ( u.uid = c.uid and u.uid = i.uid and m.mid = i.mid and u.isvalid = 1 ) LIMIT 0,10   [ RunTime:0.0010s ]

[ 2017-04-26T18:36:45+08:00 ] 127.0.0.1 /ThinkPHP/index.php/Home/User/User/PT_loadtable
INFO: [ app_init ] --START--
INFO: Run Behavior\BuildLiteBehavior [ RunTime:0.000000s ]
INFO: [ app_init ] --END-- [ RunTime:0.004001s ]
INFO: [ app_begin ] --START--
INFO: Run Behavior\ReadHtmlCacheBehavior [ RunTime:0.002000s ]
INFO: [ app_begin ] --END-- [ RunTime:0.003000s ]
SQL: SHOW COLUMNS FROM `pt_user` [ RunTime:0.0040s ]
SQL: SHOW COLUMNS FROM `pt_user` [ RunTime:0.0060s ]
SQL: SELECT count(*) FROM pt_user u,pt_card c,pt_integral i,pt_member m WHERE ( u.uid = c.uid and u.uid = i.uid and m.mid = i.mid and u.isvalid = 1 ) LIMIT 1   [ RunTime:0.0000s ]
SQL: SHOW COLUMNS FROM `pt_user` [ RunTime:0.0030s ]
SQL: SELECT u.*,c.card,m.name FROM pt_user u,pt_card c,pt_integral i,pt_member m WHERE ( u.uid = c.uid and u.uid = i.uid and m.mid = i.mid and u.isvalid = 1 ) LIMIT 0,10   [ RunTime:0.0010s ]

[ 2017-04-26T18:36:47+08:00 ] 127.0.0.1 /ThinkPHP/index.php/Home/User/User/select_usertable?pageNo=1&pageSize=10
INFO: [ app_init ] --START--
INFO: Run Behavior\BuildLiteBehavior [ RunTime:0.001000s ]
INFO: [ app_init ] --END-- [ RunTime:0.003000s ]
INFO: [ app_begin ] --START--
INFO: Run Behavior\ReadHtmlCacheBehavior [ RunTime:0.002000s ]
INFO: [ app_begin ] --END-- [ RunTime:0.003000s ]
SQL: SHOW COLUMNS FROM `pt_user` [ RunTime:0.0040s ]
SQL: SHOW COLUMNS FROM `pt_user` [ RunTime:0.0040s ]
SQL: SELECT count(*) FROM pt_user u,pt_card c,pt_integral i WHERE ( u.uid = c.uid and u.uid = i.uid and u.isvalid = 1  ) LIMIT 1   [ RunTime:0.0010s ]
SQL: SHOW COLUMNS FROM `pt_user` [ RunTime:0.0030s ]
SQL: SELECT u.username,md5(u.pass) as pass,u.address,u.telphone,u.e_mail,u.visa,c.card,c.money,i.integral FROM pt_user u,pt_card c,pt_integral i WHERE ( u.uid = c.uid and u.uid = i.uid and u.isvalid = 1  ) LIMIT 0,10   [ RunTime:0.0010s ]

